::ffff:172.26.0.1 - GET /api/v1/rates?base=IDR&amount=1000000&destination=EUR&include_fee=false HTTP/1.1 200 345 - 21.857 ms
::ffff:172.26.0.1 - GET /api/v1/rates?base=IDR&amount=1000000&destination=EUR&include_fee=false HTTP/1.1 200 345 - 31.467 ms
::ffff:172.26.0.1 - GET /api/v1/rates?base=IDR&amount=1000000&destination=EUR&include_fee=false HTTP/1.1 200 345 - 27.431 ms
::ffff:172.26.0.1 - GET /api/v1/rates?base=IDR&amount=1000000&destination=EUR&include_fee=false HTTP/1.1 200 345 - 35.525 ms
::ffff:172.26.0.1 - GET /api/v1/countries HTTP/1.1 200 23951 - 2.533 ms
::ffff:172.26.0.1 - GET /api/v1/countries HTTP/1.1 304 - - 2.191 ms
::ffff:172.26.0.1 - GET /api/v1/countries HTTP/1.1 304 - - 1.545 ms
::ffff:172.26.0.1 - GET /api/v1/countries HTTP/1.1 304 - - 0.815 ms
::ffff:172.26.0.1 - GET /api/v1/countries HTTP/1.1 304 - - 1.060 ms
::ffff:172.26.0.1 - GET /api/v1/countries HTTP/1.1 304 - - 0.827 ms
::ffff:172.26.0.1 - GET /api/v1/user/is-available?email=rizki.fikriansyah@yahoo.co.id HTTP/1.1 200 117 - 30.440 ms
::ffff:172.26.0.1 - GET /api/v1/countries/germany HTTP/1.1 200 678 - 2.274 ms
::ffff:172.26.0.1 - POST /api/v1/user/register HTTP/1.1 200 524 - 197.820 ms
::ffff:172.26.0.1 - POST /api/v1/user/confirm HTTP/1.1 404 111 - 13.793 ms
::ffff:172.26.0.1 - POST /api/v1/user/confirm HTTP/1.1 200 50 - 13.619 ms
::ffff:172.26.0.1 - GET /api/v1/confirm/eyJhbGciOiJIUzI1NiIsInR5cCI6IkpXVCJ9.eyJ1c2VySWQiOiI1YmY5NGRkN2YzYjEzNTAwNGRjN2MxZjciLCJpYXQiOjE1NDMwNjUyNDIsImV4cCI6MTU0MzE1MTY0Mn0._vWE9ch-Ursvj_6mLKQcDn0DXLq8HtDc8X0UKc3GAQM HTTP/1.1 404 330 - 2.166 ms
::ffff:172.26.0.1 - GET /favicon.ico HTTP/1.1 404 150 - 0.456 ms
::ffff:172.26.0.1 - GET /api/v1/user/confirm/eyJhbGciOiJIUzI1NiIsInR5cCI6IkpXVCJ9.eyJ1c2VySWQiOiI1YmY5NGRkN2YzYjEzNTAwNGRjN2MxZjciLCJpYXQiOjE1NDMwNjUyNDIsImV4cCI6MTU0MzE1MTY0Mn0._vWE9ch-Ursvj_6mLKQcDn0DXLq8HtDc8X0UKc3GAQM HTTP/1.1 200 155 - 21.549 ms
::ffff:172.26.0.1 - GET /api/v1/rates?base=IDR&amount=1000000&destination=EUR&include_fee=false HTTP/1.1 304 - - 10.811 ms
::ffff:172.26.0.1 - POST /api/v1/user/login HTTP/1.1 200 332 - 111.347 ms
::ffff:172.26.0.1 - GET /api/v1/recipients?limit=3 HTTP/1.1 404 88 - 18.725 ms
::ffff:172.26.0.1 - GET /api/v1/transactions HTTP/1.1 404 128 - 26.269 ms
::ffff:172.26.0.1 - GET /api/v1/rates?base=IDR&amount=1000000&destination=EUR&include_fee=false HTTP/1.1 304 - - 6.282 ms
::ffff:172.26.0.1 - GET /api/v1/transactions HTTP/1.1 404 128 - 15.195 ms
::ffff:172.26.0.1 - GET /api/v1/recipients?limit=3 HTTP/1.1 404 88 - 15.069 ms
::ffff:172.26.0.1 - GET /api/v1/transactions HTTP/1.1 404 128 - 19.216 ms
::ffff:172.26.0.1 - GET /api/v1/transactions HTTP/1.1 404 128 - 11.744 ms
::ffff:172.26.0.1 - GET /api/v1/recipients?limit=3 HTTP/1.1 404 88 - 9.803 ms
::ffff:172.26.0.1 - GET /api/v1/transactions HTTP/1.1 404 128 - 10.936 ms
::ffff:172.26.0.1 - GET /api/v1/transactions HTTP/1.1 404 128 - 17.895 ms
::ffff:172.26.0.1 - GET /api/v1/recipients?limit=3 HTTP/1.1 404 88 - 15.373 ms
::ffff:172.26.0.1 - GET /api/v1/transactions HTTP/1.1 404 128 - 7.456 ms
::ffff:172.26.0.1 - GET /api/v1/transactions HTTP/1.1 404 128 - 18.417 ms
::ffff:172.26.0.1 - GET /api/v1/recipients?limit=3 HTTP/1.1 404 88 - 16.686 ms
::ffff:172.26.0.1 - GET /api/v1/transactions HTTP/1.1 404 128 - 9.610 ms
::ffff:172.26.0.1 - GET /api/v1/transactions HTTP/1.1 404 128 - 11.708 ms
::ffff:172.26.0.1 - GET /api/v1/recipients?limit=3 HTTP/1.1 404 88 - 7.857 ms
::ffff:172.26.0.1 - GET /api/v1/transactions HTTP/1.1 404 128 - 9.423 ms
::ffff:172.26.0.1 - GET /api/v1/transactions HTTP/1.1 404 128 - 11.608 ms
::ffff:172.26.0.1 - GET /api/v1/recipients?limit=3 HTTP/1.1 404 88 - 9.739 ms
::ffff:172.26.0.1 - GET /api/v1/transactions HTTP/1.1 404 128 - 11.153 ms
::ffff:172.26.0.1 - GET /api/v1/transactions HTTP/1.1 404 128 - 9.272 ms
::ffff:172.26.0.1 - GET /api/v1/recipients?limit=3 HTTP/1.1 404 88 - 9.884 ms
::ffff:172.26.0.1 - GET /api/v1/transactions HTTP/1.1 404 128 - 14.028 ms
::ffff:172.26.0.1 - GET /api/v1/recipients HTTP/1.1 404 88 - 6.417 ms
::ffff:172.26.0.1 - GET /api/v1/transactions HTTP/1.1 404 128 - 13.851 ms
::ffff:172.26.0.1 - GET /api/v1/recipients?limit=3 HTTP/1.1 404 88 - 12.081 ms
::ffff:172.26.0.1 - GET /api/v1/rates?base=IDR&amount=1000000&destination=EUR&include_fee=false HTTP/1.1 304 - - 5.271 ms
::ffff:172.26.0.1 - GET /api/v1/recipients?limit=3 HTTP/1.1 404 88 - 14.428 ms
::ffff:172.26.0.1 - GET /api/v1/transactions HTTP/1.1 404 128 - 16.923 ms
::ffff:172.26.0.1 - GET /api/v1/countries HTTP/1.1 304 - - 1.179 ms
::ffff:172.26.0.1 - GET /api/v1/countries HTTP/1.1 304 - - 1.021 ms
::ffff:172.26.0.1 - GET /api/v1/countries HTTP/1.1 304 - - 0.991 ms
::ffff:172.26.0.1 - GET /api/v1/countries HTTP/1.1 304 - - 0.947 ms
::ffff:172.26.0.1 - GET /api/v1/countries HTTP/1.1 304 - - 0.751 ms
::ffff:172.26.0.1 - GET /api/v1/countries HTTP/1.1 304 - - 1.556 ms
::ffff:172.26.0.1 - GET /api/v1/recipients?limit=3 HTTP/1.1 404 88 - 13.947 ms
::ffff:172.26.0.1 - GET /api/v1/transactions HTTP/1.1 404 128 - 13.306 ms
::ffff:172.26.0.1 - GET /api/v1/transactions HTTP/1.1 404 128 - 16.873 ms
::ffff:172.26.0.1 - GET /api/v1/recipients?limit=3 HTTP/1.1 404 88 - 15.531 ms
::ffff:172.26.0.1 - GET /api/v1/rates?base=IDR&amount=1000000&destination=EUR&include_fee=false HTTP/1.1 304 - - 3.431 ms
::ffff:172.26.0.1 - GET /api/v1/rates?base=IDR&amount=1000000&destination=EUR&include_fee=false HTTP/1.1 304 - - 6.009 ms
::ffff:172.26.0.1 - GET /api/v1/rates?base=IDR&amount=1000000&destination=EUR&include_fee=false HTTP/1.1 304 - - 8.270 ms
::ffff:172.26.0.1 - GET /api/v1/rates?base=IDR&amount=1000000&destination=EUR&include_fee=false HTTP/1.1 304 - - 9.626 ms
::ffff:172.26.0.1 - GET /api/v1/recipients?limit=3 HTTP/1.1 404 88 - 11.054 ms
::ffff:172.26.0.1 - GET /api/v1/transactions HTTP/1.1 404 128 - 14.713 ms
::ffff:172.26.0.1 - GET /api/v1/rates?base=IDR&amount=1000000&destination=EUR&include_fee=false HTTP/1.1 304 - - 5.152 ms
::ffff:172.26.0.1 - GET /api/v1/transactions HTTP/1.1 404 128 - 8.816 ms
::ffff:172.26.0.1 - GET /api/v1/transactions HTTP/1.1 404 128 - 7.189 ms
::ffff:172.26.0.1 - GET /api/v1/rates?base=IDR&amount=1000000&destination=EUR&include_fee=false HTTP/1.1 304 - - 9.644 ms
::ffff:172.26.0.1 - GET /api/v1/rates?base=IDR&amount=1000000&destination=EUR&include_fee=false HTTP/1.1 304 - - 6.812 ms
::ffff:172.26.0.1 - GET /api/v1/rates?base=IDR&amount=1000000&destination=EUR&include_fee=false HTTP/1.1 304 - - 3.276 ms
::1 - GET /api/v1/rates?base=IDR&amount=1000000&destination=EUR&include_fee=false HTTP/1.1 200 345 - 18.694 ms
::1 - GET /api/v1/rates?base=IDR&amount=1000000&destination=EUR&include_fee=false HTTP/1.1 200 345 - 4.369 ms
::1 - GET /api/v1/rates?base=IDR&amount=1000000&destination=EUR&include_fee=false HTTP/1.1 200 345 - 23.895 ms
::1 - GET /api/v1/rates?base=IDR&amount=1000000&destination=EUR&include_fee=false HTTP/1.1 304 - - 6.890 ms
::1 - POST /api/v1/user/login HTTP/1.1 200 315 - 189.576 ms
::1 - GET /api/v1/transactions HTTP/1.1 200 756 - 25.058 ms
::1 - GET /api/v1/recipients?limit=3 HTTP/1.1 200 470 - 22.885 ms
::1 - GET /api/v1/recipients HTTP/1.1 200 470 - 7.157 ms
::1 - GET /api/v1/countries HTTP/1.1 304 - - 5.042 ms
::1 - GET /api/v1/countries HTTP/1.1 304 - - 0.941 ms
::1 - GET /api/v1/countries HTTP/1.1 304 - - 0.858 ms
::1 - GET /api/v1/countries HTTP/1.1 304 - - 0.610 ms
::1 - GET /api/v1/countries HTTP/1.1 304 - - 0.613 ms
::1 - GET /api/v1/countries HTTP/1.1 304 - - 0.511 ms
::1 - POST /api/v1/recipients HTTP/1.1 500 576 - 69.681 ms
::1 - POST /api/v1/recipients HTTP/1.1 500 576 - 24.665 ms
::1 - POST /api/v1/recipients HTTP/1.1 200 444 - 107.182 ms
::1 - GET /api/v1/recipients HTTP/1.1 200 806 - 16.739 ms
::1 - GET /api/v1/transactions HTTP/1.1 500 2417 - 17.467 ms
::1 - GET /api/v1/recipients?limit=3 HTTP/1.1 500 2426 - 1.960 ms
::1 - GET /api/v1/transactions HTTP/1.1 200 756 - 42.191 ms
::1 - GET /api/v1/recipients?limit=3 HTTP/1.1 200 806 - 37.505 ms
::1 - GET /api/v1/recipients HTTP/1.1 200 806 - 10.102 ms
::1 - GET /api/v1/transactions HTTP/1.1 401 - - 12.714 ms
::1 - GET /api/v1/recipients?limit=3 HTTP/1.1 401 - - 0.689 ms
::1 - GET /api/v1/transactions HTTP/1.1 200 756 - 43.477 ms
::1 - GET /api/v1/recipients?limit=3 HTTP/1.1 200 806 - 45.581 ms
::1 - GET /api/v1/recipients HTTP/1.1 200 806 - 14.206 ms
::1 - GET /api/v1/transactions HTTP/1.1 200 756 - 13.953 ms
::1 - GET /api/v1/recipients?limit=3 HTTP/1.1 200 806 - 17.923 ms
::1 - GET /api/v1/recipients HTTP/1.1 200 806 - 7.531 ms
::1 - GET /api/v1/recipients?limit=3 HTTP/1.1 200 806 - 19.282 ms
::1 - GET /api/v1/transactions HTTP/1.1 200 756 - 28.621 ms
::1 - GET /api/v1/rates?base=IDR&amount=1000000&destination=EUR&include_fee=false HTTP/1.1 304 - - 20.187 ms
::1 - GET /api/v1/rates?base=IDR&amount=1000000&destination=EUR&include_fee=false HTTP/1.1 304 - - 4.427 ms
::1 - GET /api/v1/rates?base=IDR&amount=1000000&destination=EUR&include_fee=false HTTP/1.1 304 - - 3.701 ms
::1 - GET /api/v1/rates?base=IDR&amount=1000000&destination=EUR&include_fee=false HTTP/1.1 304 - - 4.347 ms
::1 - GET /api/v1/rates?base=IDR&amount=1000000&destination=EUR&include_fee=false HTTP/1.1 304 - - 4.530 ms
::1 - GET /api/v1/transactions HTTP/1.1 401 - - 2.429 ms
::1 - GET /api/v1/recipients?limit=3 HTTP/1.1 401 - - 0.309 ms
::1 - GET /api/v1/user/login HTTP/1.1 401 - - 1.233 ms
::1 - GET /api/v1/transactions HTTP/1.1 401 - - 1.717 ms
::1 - GET /api/v1/recipients?limit=3 HTTP/1.1 401 - - 0.310 ms
::1 - GET /api/v1/rates?base=IDR&amount=1000000&destination=EUR&include_fee=false HTTP/1.1 304 - - 3.927 ms
::1 - POST /api/v1/user/login HTTP/1.1 200 315 - 162.080 ms
::1 - GET /api/v1/transactions HTTP/1.1 200 756 - 11.996 ms
::1 - GET /api/v1/recipients?limit=3 HTTP/1.1 200 806 - 8.807 ms
::1 - GET /api/v1/recipients HTTP/1.1 200 806 - 10.567 ms
::1 - GET /api/v1/transactions HTTP/1.1 200 756 - 8.686 ms
::1 - GET /api/v1/transactions HTTP/1.1 200 756 - 13.669 ms
::1 - GET /api/v1/recipients?limit=3 HTTP/1.1 200 806 - 12.193 ms
::1 - GET /api/v1/rates?base=IDR&amount=1000000&destination=EUR&include_fee=false HTTP/1.1 304 - - 5.976 ms
::1 - GET /api/v1/transactions HTTP/1.1 200 756 - 15.856 ms
::1 - GET /api/v1/user/login HTTP/1.1 500 2272 - 13.369 ms
::1 - GET /api/v1/transactions HTTP/1.1 200 756 - 8.954 ms
::1 - GET /api/v1/rates?base=IDR&amount=1000000&destination=EUR&include_fee=false HTTP/1.1 304 - - 2.887 ms
::1 - GET /api/v1/rates?base=IDR&amount=1000000&destination=EUR&include_fee=false HTTP/1.1 304 - - 4.745 ms
::1 - GET /api/v1/rates?base=IDR&amount=1000000&destination=EUR&include_fee=false HTTP/1.1 304 - - 3.779 ms
::1 - GET /api/v1/rates?base=IDR&amount=1000000&destination=EUR&include_fee=false HTTP/1.1 304 - - 3.208 ms
::1 - GET /api/v1/rates?base=IDR&amount=1000000&destination=EUR&include_fee=false HTTP/1.1 304 - - 2.870 ms
::1 - GET /api/v1/rates?base=IDR&amount=1000000&destination=EUR&include_fee=false HTTP/1.1 304 - - 3.052 ms
::1 - POST /api/v1/user/login HTTP/1.1 200 315 - 121.551 ms
::1 - GET /api/v1/transactions HTTP/1.1 200 756 - 17.323 ms
::1 - GET /api/v1/recipients?limit=3 HTTP/1.1 200 806 - 17.552 ms
::1 - GET /api/v1/recipients HTTP/1.1 200 806 - 6.617 ms
::1 - GET /api/v1/transactions HTTP/1.1 401 - - 1.314 ms
::1 - GET /api/v1/rates?base=IDR&amount=1000000&destination=EUR&include_fee=false HTTP/1.1 304 - - 4.753 ms
::1 - GET /api/v1/rates?base=IDR&amount=1000000&destination=EUR&include_fee=false HTTP/1.1 304 - - 4.291 ms
::1 - GET /api/v1/user/login HTTP/1.1 401 - - 0.472 ms
::1 - POST /api/v1/user/login HTTP/1.1 200 315 - 122.493 ms
::1 - GET /api/v1/transactions HTTP/1.1 200 756 - 13.203 ms
::1 - GET /api/v1/recipients?limit=3 HTTP/1.1 200 806 - 15.350 ms
::1 - GET /api/v1/recipients HTTP/1.1 200 806 - 7.315 ms
::1 - GET /api/v1/recipients HTTP/1.1 401 - - 0.238 ms
::1 - GET /api/v1/transactions HTTP/1.1 401 - - 1.445 ms
::1 - GET /api/v1/recipients?limit=3 HTTP/1.1 401 - - 0.369 ms
::1 - GET /api/v1/user/logout HTTP/1.1 401 - - 1.336 ms
::1 - GET /api/v1/rates?base=IDR&amount=1000000&destination=EUR&include_fee=false HTTP/1.1 304 - - 3.062 ms
::1 - GET /api/v1/transactions HTTP/1.1 401 - - 1.107 ms
::1 - GET /api/v1/recipients?limit=3 HTTP/1.1 401 - - 0.249 ms
::1 - GET /api/v1/user/logout HTTP/1.1 401 - - 0.299 ms
::1 - GET /api/v1/rates?base=IDR&amount=1000000&destination=EUR&include_fee=false HTTP/1.1 304 - - 3.403 ms
::1 - GET /api/v1/transactions HTTP/1.1 401 - - 1.531 ms
::1 - GET /api/v1/recipients?limit=3 HTTP/1.1 401 - - 1.978 ms
::1 - GET /api/v1/user/logout HTTP/1.1 401 - - 0.559 ms
::1 - GET /api/v1/rates?base=IDR&amount=1000000&destination=EUR&include_fee=false HTTP/1.1 304 - - 5.227 ms
::1 - GET /api/v1/rates?base=IDR&amount=1000000&destination=EUR&include_fee=false HTTP/1.1 304 - - 3.461 ms
::1 - GET /api/v1/user/login HTTP/1.1 401 - - 0.214 ms
::1 - GET /api/v1/rates?base=IDR&amount=1000000&destination=EUR&include_fee=false HTTP/1.1 304 - - 5.533 ms
::1 - GET /api/v1/rates?base=IDR&amount=1000000&destination=EUR&include_fee=false HTTP/1.1 304 - - 3.247 ms
::1 - GET /api/v1/rates?base=IDR&amount=1000000&destination=EUR&include_fee=false HTTP/1.1 304 - - 4.203 ms
::1 - GET /api/v1/rates?base=IDR&amount=1000000&destination=EUR&include_fee=false HTTP/1.1 304 - - 3.984 ms
::1 - GET /api/v1/rates?base=IDR&amount=1000000&destination=EUR&include_fee=false HTTP/1.1 304 - - 4.829 ms
::1 - GET /api/v1/rates?base=IDR&amount=1000000&destination=EUR&include_fee=false HTTP/1.1 304 - - 4.238 ms
::1 - POST /api/v1/user/login HTTP/1.1 200 315 - 111.037 ms
::1 - GET /api/v1/transactions HTTP/1.1 200 756 - 8.599 ms
::1 - GET /api/v1/recipients?limit=3 HTTP/1.1 200 806 - 8.087 ms
::1 - GET /api/v1/recipients HTTP/1.1 200 806 - 7.909 ms
::1 - GET /api/v1/transactions HTTP/1.1 401 - - 1.214 ms
::1 - GET /api/v1/rates?base=IDR&amount=1000000&destination=EUR&include_fee=false HTTP/1.1 304 - - 3.931 ms
::1 - GET /api/v1/rates?base=IDR&amount=1000000&destination=EUR&include_fee=false HTTP/1.1 304 - - 2.849 ms
::1 - GET /api/v1/user/login HTTP/1.1 401 - - 0.467 ms
::1 - GET /api/v1/rates?base=IDR&amount=1000000&destination=EUR&include_fee=false HTTP/1.1 304 - - 4.539 ms
::1 - GET /api/v1/rates?base=IDR&amount=1000000&destination=EUR&include_fee=false HTTP/1.1 304 - - 4.265 ms
::1 - GET /api/v1/rates?base=IDR&amount=1000000&destination=EUR&include_fee=false HTTP/1.1 304 - - 4.909 ms
::1 - GET /api/v1/rates?base=IDR&amount=1000000&destination=EUR&include_fee=false HTTP/1.1 304 - - 4.862 ms
::1 - POST /api/v1/user/login HTTP/1.1 200 315 - 109.685 ms
::1 - GET /api/v1/transactions HTTP/1.1 200 756 - 10.957 ms
::1 - GET /api/v1/recipients?limit=3 HTTP/1.1 200 806 - 10.760 ms
::1 - GET /api/v1/recipients HTTP/1.1 200 806 - 7.793 ms
::1 - GET /api/v1/transactions HTTP/1.1 401 - - 1.671 ms
::1 - GET /api/v1/rates?base=IDR&amount=1000000&destination=EUR&include_fee=false HTTP/1.1 304 - - 6.686 ms
::1 - GET /api/v1/user/login HTTP/1.1 401 - - 0.274 ms
::1 - GET /api/v1/transactions HTTP/1.1 401 - - 1.073 ms
::1 - GET /api/v1/recipients?limit=3 HTTP/1.1 401 - - 0.250 ms
::1 - GET /api/v1/rates?base=IDR&amount=1000000&destination=EUR&include_fee=false HTTP/1.1 304 - - 2.894 ms
::1 - POST /api/v1/user/login HTTP/1.1 200 315 - 108.756 ms
::1 - GET /api/v1/transactions HTTP/1.1 200 756 - 10.120 ms
::1 - GET /api/v1/recipients?limit=3 HTTP/1.1 200 806 - 14.089 ms
::1 - GET /api/v1/recipients HTTP/1.1 200 806 - 5.827 ms
::1 - GET /api/v1/rates?base=IDR&amount=1000000&destination=EUR&include_fee=false HTTP/1.1 304 - - 5.048 ms
::1 - GET /api/v1/rates?base=IDR&amount=1000000&destination=EUR&include_fee=false HTTP/1.1 304 - - 3.354 ms
::1 - GET /api/v1/user/login HTTP/1.1 500 2272 - 5.730 ms
::1 - GET /api/v1/rates?base=IDR&amount=1000000&destination=EUR&include_fee=false HTTP/1.1 304 - - 3.620 ms
::1 - POST /api/v1/user/login HTTP/1.1 200 315 - 105.760 ms
::1 - GET /api/v1/transactions HTTP/1.1 200 756 - 8.418 ms
::1 - GET /api/v1/recipients?limit=3 HTTP/1.1 200 806 - 14.608 ms
::1 - GET /api/v1/recipients HTTP/1.1 200 806 - 6.525 ms
::1 - GET /api/v1/transactions HTTP/1.1 200 756 - 10.496 ms
::1 - GET /api/v1/transactions HTTP/1.1 200 756 - 14.252 ms
::1 - GET /api/v1/recipients?limit=3 HTTP/1.1 200 806 - 8.750 ms
::1 - GET /api/v1/rates?base=IDR&amount=1000000&destination=EUR&include_fee=false HTTP/1.1 304 - - 3.389 ms
::1 - GET /api/v1/user/login HTTP/1.1 500 2272 - 8.534 ms
::1 - GET /api/v1/transactions HTTP/1.1 200 756 - 19.307 ms
::1 - GET /api/v1/recipients?limit=3 HTTP/1.1 200 806 - 15.086 ms
::1 - GET /api/v1/rates?base=IDR&amount=1000000&destination=EUR&include_fee=false HTTP/1.1 304 - - 4.109 ms
::1 - GET /api/v1/rates?base=IDR&amount=1000000&destination=EUR&include_fee=false HTTP/1.1 304 - - 3.767 ms
::1 - POST /api/v1/user/login HTTP/1.1 200 315 - 107.711 ms
::1 - GET /api/v1/transactions HTTP/1.1 200 756 - 11.723 ms
::1 - GET /api/v1/recipients?limit=3 HTTP/1.1 200 806 - 11.693 ms
::1 - GET /api/v1/recipients HTTP/1.1 200 806 - 6.578 ms
::1 - GET /api/v1/transactions HTTP/1.1 200 756 - 8.013 ms
::1 - GET /api/v1/transactions HTTP/1.1 200 756 - 20.611 ms
::1 - GET /api/v1/recipients?limit=3 HTTP/1.1 200 806 - 9.967 ms
::1 - GET /api/v1/rates?base=IDR&amount=1000000&destination=EUR&include_fee=false HTTP/1.1 304 - - 3.064 ms
::1 - GET /api/v1/user/login HTTP/1.1 500 2272 - 5.052 ms
::1 - GET /api/v1/transactions HTTP/1.1 200 756 - 9.670 ms
::1 - GET /api/v1/recipients?limit=3 HTTP/1.1 200 806 - 19.316 ms
::1 - GET /api/v1/rates?base=IDR&amount=1000000&destination=EUR&include_fee=false HTTP/1.1 304 - - 4.006 ms
::1 - GET /api/v1/rates?base=IDR&amount=1000000&destination=EUR&include_fee=false HTTP/1.1 304 - - 4.465 ms
::1 - POST /api/v1/user/login HTTP/1.1 200 315 - 107.232 ms
::1 - GET /api/v1/transactions HTTP/1.1 200 756 - 10.039 ms
::1 - GET /api/v1/recipients?limit=3 HTTP/1.1 200 806 - 13.448 ms
::1 - GET /api/v1/recipients HTTP/1.1 200 806 - 5.379 ms
::1 - GET /api/v1/user/login HTTP/1.1 500 2272 - 11.071 ms
::1 - GET /api/v1/transactions HTTP/1.1 200 756 - 23.350 ms
::1 - GET /api/v1/recipients?limit=3 HTTP/1.1 200 806 - 25.515 ms
::1 - GET /api/v1/rates?base=IDR&amount=1000000&destination=EUR&include_fee=false HTTP/1.1 304 - - 4.258 ms
::1 - GET /api/v1/rates?base=IDR&amount=1000000&destination=EUR&include_fee=false HTTP/1.1 304 - - 26.811 ms
::1 - POST /api/v1/user/login HTTP/1.1 200 315 - 193.880 ms
::1 - GET /api/v1/transactions HTTP/1.1 200 756 - 23.851 ms
::1 - GET /api/v1/recipients?limit=3 HTTP/1.1 200 806 - 20.005 ms
::1 - GET /api/v1/recipients HTTP/1.1 200 806 - 7.198 ms
::1 - GET /api/v1/rates?base=IDR&amount=1000000&destination=EUR&include_fee=false HTTP/1.1 304 - - 10.552 ms
::1 - GET /api/v1/rates?base=IDR&amount=1000000&destination=EUR&include_fee=false HTTP/1.1 304 - - 4.711 ms
::1 - GET /api/v1/user/login HTTP/1.1 200 36 - 13.300 ms
::1 - GET /api/v1/user/login HTTP/1.1 304 - - 14.841 ms
::1 - GET /api/v1/transactions HTTP/1.1 200 756 - 25.874 ms
::1 - GET /api/v1/recipients?limit=3 HTTP/1.1 200 806 - 32.915 ms
::1 - GET /api/v1/rates?base=IDR&amount=1000000&destination=EUR&include_fee=false HTTP/1.1 304 - - 3.045 ms
::1 - GET /api/v1/rates?base=IDR&amount=1000000&destination=EUR&include_fee=false HTTP/1.1 304 - - 26.495 ms
::1 - GET /api/v1/user/login HTTP/1.1 304 - - 22.884 ms
::1 - GET /api/v1/rates?base=IDR&amount=1000000&destination=EUR&include_fee=false HTTP/1.1 304 - - 5.297 ms
::1 - GET /api/v1/user/login HTTP/1.1 304 - - 8.423 ms
::1 - GET /api/v1/rates?base=IDR&amount=1000000&destination=EUR&include_fee=false HTTP/1.1 304 - - 3.136 ms
::1 - GET /api/v1/user/login HTTP/1.1 304 - - 5.365 ms
::1 - GET /api/v1/user/logout HTTP/1.1 200 103 - 5.166 ms
::1 - GET /api/v1/user/logout HTTP/1.1 200 103 - 5.589 ms
::1 - GET /api/v1/rates?base=IDR&amount=1000000&destination=EUR&include_fee=false HTTP/1.1 304 - - 3.542 ms
::1 - POST /api/v1/user/login HTTP/1.1 200 315 - 164.689 ms
::1 - GET /api/v1/transactions HTTP/1.1 200 756 - 22.147 ms
::1 - GET /api/v1/recipients?limit=3 HTTP/1.1 200 806 - 24.028 ms
::1 - GET /api/v1/recipients HTTP/1.1 200 806 - 10.053 ms
::1 - GET /api/v1/transactions HTTP/1.1 200 756 - 9.439 ms
::1 - GET /api/v1/rates?base=IDR&amount=1000000&destination=EUR&include_fee=false HTTP/1.1 304 - - 3.364 ms
::1 - GET /api/v1/rates?base=IDR&amount=1000000&destination=EUR&include_fee=false HTTP/1.1 304 - - 3.616 ms
::1 - GET /api/v1/user/login HTTP/1.1 200 36 - 7.630 ms
::1 - GET /api/v1/transactions HTTP/1.1 200 756 - 14.553 ms
::1 - GET /api/v1/recipients?limit=3 HTTP/1.1 200 806 - 15.481 ms
::1 - GET /api/v1/recipients HTTP/1.1 200 806 - 9.583 ms
::1 - GET /api/v1/transactions HTTP/1.1 200 756 - 9.543 ms
::1 - GET /api/v1/recipients HTTP/1.1 200 806 - 7.117 ms
::1 - GET /api/v1/user/logout HTTP/1.1 200 103 - 5.314 ms
::1 - GET /api/v1/rates?base=IDR&amount=1000000&destination=EUR&include_fee=false HTTP/1.1 304 - - 5.115 ms
::1 - GET /api/v1/rates?base=IDR&amount=1000000&destination=EUR&include_fee=false HTTP/1.1 304 - - 5.877 ms
::1 - GET /api/v1/rates?base=IDR&amount=1000000&destination=EUR&include_fee=false HTTP/1.1 304 - - 3.832 ms
::1 - GET /api/v1/rates?base=IDR&amount=1000000&destination=EUR&include_fee=false HTTP/1.1 304 - - 6.557 ms
::1 - GET /api/v1/rates?base=IDR&amount=1000000&destination=EUR&include_fee=false HTTP/1.1 304 - - 3.668 ms
::1 - POST /api/v1/user/login HTTP/1.1 200 315 - 107.090 ms
::1 - GET /api/v1/transactions HTTP/1.1 200 756 - 10.370 ms
::1 - GET /api/v1/recipients?limit=3 HTTP/1.1 200 806 - 23.541 ms
::1 - GET /api/v1/recipients HTTP/1.1 200 806 - 7.861 ms
::1 - GET /api/v1/transactions HTTP/1.1 200 756 - 9.786 ms
::1 - GET /api/v1/transactions HTTP/1.1 200 756 - 32.917 ms
::1 - GET /api/v1/recipients?limit=3 HTTP/1.1 200 806 - 7.752 ms
::1 - GET /api/v1/rates?base=IDR&amount=1000000&destination=EUR&include_fee=false HTTP/1.1 304 - - 3.719 ms
::1 - GET /api/v1/rates?base=IDR&amount=1000000&destination=EUR&include_fee=false HTTP/1.1 304 - - 4.503 ms
::1 - GET /api/v1/user/login HTTP/1.1 200 36 - 5.583 ms
::1 - GET /api/v1/user/logout HTTP/1.1 200 103 - 3.247 ms
::1 - POST /api/v1/user/login HTTP/1.1 200 315 - 110.793 ms
::1 - GET /api/v1/transactions HTTP/1.1 200 756 - 11.982 ms
::1 - GET /api/v1/recipients?limit=3 HTTP/1.1 200 806 - 14.552 ms
::1 - GET /api/v1/recipients HTTP/1.1 200 806 - 6.820 ms
::1 - GET /api/v1/rates?base=IDR&amount=1000000&destination=EUR&include_fee=false HTTP/1.1 304 - - 5.456 ms
::1 - GET /api/v1/transactions HTTP/1.1 200 756 - 8.482 ms
::1 - GET /api/v1/transactions HTTP/1.1 200 756 - 17.757 ms
::1 - GET /api/v1/recipients?limit=3 HTTP/1.1 200 806 - 6.996 ms
::1 - GET /api/v1/rates?base=IDR&amount=1000000&destination=EUR&include_fee=false HTTP/1.1 304 - - 4.212 ms
::1 - GET /api/v1/transactions HTTP/1.1 200 756 - 12.783 ms
::1 - GET /api/v1/transactions HTTP/1.1 200 756 - 8.736 ms
::1 - GET /api/v1/recipients?limit=3 HTTP/1.1 200 806 - 7.666 ms
::1 - GET /api/v1/user/logout HTTP/1.1 200 103 - 4.267 ms
::1 - GET /api/v1/rates?base=IDR&amount=1000000&destination=EUR&include_fee=false HTTP/1.1 304 - - 5.589 ms
::1 - GET /api/v1/rates?base=IDR&amount=1000000&destination=EUR&include_fee=false HTTP/1.1 304 - - 4.340 ms
::1 - GET /api/v1/rates?base=IDR&amount=1000000&destination=EUR&include_fee=false HTTP/1.1 304 - - 3.997 ms
::1 - POST /api/v1/user/login HTTP/1.1 200 315 - 120.163 ms
::1 - GET /api/v1/transactions HTTP/1.1 200 756 - 12.957 ms
::1 - GET /api/v1/recipients?limit=3 HTTP/1.1 200 806 - 13.307 ms
::1 - GET /api/v1/recipients HTTP/1.1 200 806 - 5.993 ms
::1 - GET /api/v1/user/login HTTP/1.1 200 36 - 6.706 ms
::1 - GET /api/v1/transactions HTTP/1.1 200 756 - 11.377 ms
::1 - GET /api/v1/recipients?limit=3 HTTP/1.1 200 806 - 16.770 ms
::1 - GET /api/v1/rates?base=IDR&amount=1000000&destination=EUR&include_fee=false HTTP/1.1 304 - - 2.939 ms
::1 - GET /api/v1/rates?base=IDR&amount=1000000&destination=EUR&include_fee=false HTTP/1.1 304 - - 3.722 ms
::1 - GET /api/v1/user/login HTTP/1.1 304 - - 6.497 ms
::1 - GET /api/v1/rates?base=IDR&amount=1000000&destination=EUR&include_fee=false HTTP/1.1 304 - - 28.283 ms
::1 - GET /api/v1/user/login HTTP/1.1 304 - - 26.785 ms
::1 - GET /api/v1/rates?base=IDR&amount=1000000&destination=EUR&include_fee=false HTTP/1.1 304 - - 6.529 ms
::1 - GET /api/v1/user/login HTTP/1.1 304 - - 10.601 ms
::1 - GET /api/v1/rates?base=IDR&amount=1000000&destination=EUR&include_fee=false HTTP/1.1 304 - - 5.227 ms
::1 - GET /api/v1/user/login HTTP/1.1 304 - - 4.472 ms
::1 - GET /api/v1/rates?base=IDR&amount=1000000&destination=EUR&include_fee=false HTTP/1.1 304 - - 5.622 ms
::1 - GET /api/v1/user/login HTTP/1.1 304 - - 3.567 ms
::1 - GET /api/v1/rates?base=IDR&amount=1000000&destination=EUR&include_fee=false HTTP/1.1 304 - - 5.015 ms
::1 - GET /api/v1/user/login HTTP/1.1 304 - - 3.543 ms
::1 - GET /api/v1/rates?base=IDR&amount=1000000&destination=EUR&include_fee=false HTTP/1.1 304 - - 4.925 ms
::1 - GET /api/v1/user/login HTTP/1.1 304 - - 4.293 ms
::1 - GET /api/v1/rates?base=IDR&amount=1000000&destination=EUR&include_fee=false HTTP/1.1 304 - - 4.452 ms
::1 - GET /api/v1/user/login HTTP/1.1 304 - - 5.872 ms
::1 - GET /api/v1/recipients?limit=3 HTTP/1.1 200 806 - 26.628 ms
::1 - GET /api/v1/transactions HTTP/1.1 200 756 - 39.431 ms
::1 - GET /api/v1/rates?base=IDR&amount=1000000&destination=EUR&include_fee=false HTTP/1.1 304 - - 4.427 ms
::1 - GET /api/v1/user/logout HTTP/1.1 200 103 - 7.948 ms
::1 - GET /api/v1/rates?base=IDR&amount=1000000&destination=EUR&include_fee=false HTTP/1.1 304 - - 2.875 ms
::1 - GET /api/v1/rates?base=IDR&amount=1000000&destination=EUR&include_fee=false HTTP/1.1 304 - - 3.836 ms
::1 - GET /api/v1/rates?base=IDR&amount=1000000&destination=EUR&include_fee=false HTTP/1.1 304 - - 3.828 ms
::1 - GET /api/v1/rates?base=IDR&amount=1000000&destination=EUR&include_fee=false HTTP/1.1 304 - - 3.895 ms
::1 - GET /api/v1/rates?base=IDR&amount=1000000&destination=EUR&include_fee=false HTTP/1.1 304 - - 4.276 ms
::1 - GET /api/v1/rates?base=IDR&amount=1000000&destination=EUR&include_fee=false HTTP/1.1 304 - - 4.808 ms
::1 - GET /api/v1/rates?base=IDR&amount=1000000&destination=EUR&include_fee=false HTTP/1.1 304 - - 3.508 ms
::1 - POST /api/v1/user/login HTTP/1.1 200 315 - 166.500 ms
::1 - GET /api/v1/transactions HTTP/1.1 200 756 - 7.967 ms
::1 - GET /api/v1/recipients?limit=3 HTTP/1.1 200 806 - 8.722 ms
::1 - GET /api/v1/recipients HTTP/1.1 200 806 - 8.875 ms
::1 - GET /api/v1/transactions HTTP/1.1 200 756 - 12.346 ms
::1 - GET /api/v1/transactions HTTP/1.1 200 756 - 13.821 ms
::1 - GET /api/v1/recipients?limit=3 HTTP/1.1 200 806 - 11.503 ms
::1 - GET /api/v1/user/login HTTP/1.1 200 36 - 4.394 ms
::1 - GET /api/v1/transactions HTTP/1.1 200 756 - 14.849 ms
::1 - GET /api/v1/recipients?limit=3 HTTP/1.1 200 806 - 22.267 ms
::1 - GET /api/v1/rates?base=IDR&amount=1000000&destination=EUR&include_fee=false HTTP/1.1 304 - - 3.427 ms
::1 - GET /api/v1/rates?base=IDR&amount=1000000&destination=EUR&include_fee=false HTTP/1.1 304 - - 5.108 ms
::1 - GET /api/v1/user/login HTTP/1.1 304 - - 6.016 ms
::1 - GET /api/v1/rates?base=IDR&amount=1000000&destination=EUR&include_fee=false HTTP/1.1 304 - - 3.497 ms
::1 - GET /api/v1/user/login HTTP/1.1 304 - - 5.622 ms
::1 - GET /api/v1/rates?base=IDR&amount=1000000&destination=EUR&include_fee=false HTTP/1.1 304 - - 4.247 ms
::1 - GET /api/v1/user/login HTTP/1.1 304 - - 4.450 ms
::1 - GET /api/v1/user/login HTTP/1.1 304 - - 3.946 ms
::1 - GET /api/v1/user/login HTTP/1.1 304 - - 8.206 ms
::1 - GET /api/v1/user/login HTTP/1.1 304 - - 5.164 ms
::1 - GET /api/v1/user/login HTTP/1.1 304 - - 4.491 ms
::1 - GET /api/v1/user/login HTTP/1.1 304 - - 3.927 ms
::1 - GET /api/v1/user/login HTTP/1.1 304 - - 3.298 ms
::1 - GET /api/v1/user/login HTTP/1.1 304 - - 4.851 ms
::1 - GET /api/v1/transactions HTTP/1.1 200 756 - 18.307 ms
::1 - GET /api/v1/recipients?limit=3 HTTP/1.1 200 806 - 21.343 ms
::1 - GET /api/v1/recipients HTTP/1.1 200 806 - 7.498 ms
::1 - GET /api/v1/user/login HTTP/1.1 304 - - 8.088 ms
::1 - GET /api/v1/transactions HTTP/1.1 200 756 - 18.941 ms
::1 - GET /api/v1/recipients?limit=3 HTTP/1.1 200 806 - 23.585 ms
::1 - GET /api/v1/recipients HTTP/1.1 200 806 - 32.037 ms
::1 - GET /api/v1/user/login HTTP/1.1 304 - - 8.583 ms
::1 - GET /api/v1/transactions HTTP/1.1 200 756 - 33.023 ms
::1 - GET /api/v1/recipients?limit=3 HTTP/1.1 200 806 - 36.536 ms
::1 - GET /api/v1/recipients HTTP/1.1 200 806 - 17.016 ms
::1 - GET /api/v1/user/logout HTTP/1.1 200 103 - 10.797 ms
::1 - GET /api/v1/rates?base=IDR&amount=1000000&destination=EUR&include_fee=false HTTP/1.1 304 - - 9.205 ms
::1 - GET /api/v1/rates?base=IDR&amount=1000000&destination=EUR&include_fee=false HTTP/1.1 304 - - 15.480 ms
::1 - GET /api/v1/rates?base=IDR&amount=1000000&destination=EUR&include_fee=false HTTP/1.1 304 - - 3.533 ms
::1 - POST /api/v1/user/login HTTP/1.1 200 315 - 112.032 ms
::1 - GET /api/v1/transactions HTTP/1.1 200 756 - 7.949 ms
::1 - GET /api/v1/recipients?limit=3 HTTP/1.1 200 806 - 8.627 ms
::1 - GET /api/v1/recipients HTTP/1.1 200 806 - 8.136 ms
