{"message":"Can't find user with elsa@exampl.com","level":"error","timestamp":"2018-09-02T06:43:54.758Z"}
{"message":"Error while sending the email","error":{},"level":"error","timestamp":"2018-09-02T07:01:16.217Z"}
{"message":"rizkeyfickr@gmail.com is already confirmed","user":{"status":"IS_ACTIVE","email":"rizkeyfickr@gmail.com"},"level":"error","timestamp":"2018-09-02T08:09:22.272Z"}
{"message":"User already confirmed","level":"error","timestamp":"2018-09-02T08:10:53.870Z"}
{"message":"User already confirmed","level":"error","timestamp":"2018-09-02T08:12:43.555Z"}
{"message":"No transaction found","user":"rizkeyfickr@gmail.com","level":"error","timestamp":"2018-09-02T18:09:53.701Z"}
{"message":"No transaction found","user":"rizkeyfickr@gmail.com","level":"error","timestamp":"2018-09-02T18:09:56.618Z"}
{"message":"Cannot save user","err":{"errors":{"address.province":{"message":"Path `address.province` is required.","name":"ValidatorError","properties":{"message":"Path `address.province` is required.","type":"required","path":"address.province"},"kind":"required","path":"address.province","$isValidatorError":true},"address.city":{"message":"Path `address.city` is required.","name":"ValidatorError","properties":{"message":"Path `address.city` is required.","type":"required","path":"address.city"},"kind":"required","path":"address.city","$isValidatorError":true},"address.houseNumber":{"message":"Path `address.houseNumber` is required.","name":"ValidatorError","properties":{"message":"Path `address.houseNumber` is required.","type":"required","path":"address.houseNumber"},"kind":"required","path":"address.houseNumber","$isValidatorError":true},"address.street":{"message":"Path `address.street` is required.","name":"ValidatorError","properties":{"message":"Path `address.street` is required.","type":"required","path":"address.street"},"kind":"required","path":"address.street","$isValidatorError":true},"address.postcode":{"message":"Path `address.postcode` is required.","name":"ValidatorError","properties":{"message":"Path `address.postcode` is required.","type":"required","path":"address.postcode"},"kind":"required","path":"address.postcode","$isValidatorError":true},"address.country":{"message":"Path `address.country` is required.","name":"ValidatorError","properties":{"message":"Path `address.country` is required.","type":"required","path":"address.country"},"kind":"required","path":"address.country","$isValidatorError":true}},"_message":"User validation failed","message":"User validation failed: address.province: Path `address.province` is required., address.city: Path `address.city` is required., address.houseNumber: Path `address.houseNumber` is required., address.street: Path `address.street` is required., address.postcode: Path `address.postcode` is required., address.country: Path `address.country` is required.","name":"ValidationError"},"level":"error","timestamp":"2018-09-06T08:12:12.044Z"}
{"message":"Cannot save user","err":{"errors":{"address.province":{"message":"Path `address.province` is required.","name":"ValidatorError","properties":{"message":"Path `address.province` is required.","type":"required","path":"address.province"},"kind":"required","path":"address.province","$isValidatorError":true},"address.city":{"message":"Path `address.city` is required.","name":"ValidatorError","properties":{"message":"Path `address.city` is required.","type":"required","path":"address.city"},"kind":"required","path":"address.city","$isValidatorError":true},"address.houseNumber":{"message":"Path `address.houseNumber` is required.","name":"ValidatorError","properties":{"message":"Path `address.houseNumber` is required.","type":"required","path":"address.houseNumber"},"kind":"required","path":"address.houseNumber","$isValidatorError":true},"address.street":{"message":"Path `address.street` is required.","name":"ValidatorError","properties":{"message":"Path `address.street` is required.","type":"required","path":"address.street"},"kind":"required","path":"address.street","$isValidatorError":true},"address.postcode":{"message":"Path `address.postcode` is required.","name":"ValidatorError","properties":{"message":"Path `address.postcode` is required.","type":"required","path":"address.postcode"},"kind":"required","path":"address.postcode","$isValidatorError":true},"address.country":{"message":"Path `address.country` is required.","name":"ValidatorError","properties":{"message":"Path `address.country` is required.","type":"required","path":"address.country"},"kind":"required","path":"address.country","$isValidatorError":true}},"_message":"User validation failed","message":"User validation failed: address.province: Path `address.province` is required., address.city: Path `address.city` is required., address.houseNumber: Path `address.houseNumber` is required., address.street: Path `address.street` is required., address.postcode: Path `address.postcode` is required., address.country: Path `address.country` is required.","name":"ValidationError"},"level":"error","timestamp":"2018-09-06T08:13:50.814Z"}
{"message":"Cannot save user","err":{"errors":{"address.postcode":{"message":"Invalid locale 'undefined'","name":"ValidatorError","properties":{"message":"Invalid locale 'undefined'","type":"user defined","path":"address.postcode","value":"40513","reason":{}},"kind":"user defined","path":"address.postcode","value":"40513","reason":{},"$isValidatorError":true}},"_message":"User validation failed","message":"User validation failed: address.postcode: Invalid locale 'undefined'","name":"ValidationError"},"level":"error","timestamp":"2018-09-06T08:17:20.359Z"}
{"message":"Cannot save user","err":{"name":"MongoError","message":"E11000 duplicate key error collection: transferRatesTest.users index: username_1 dup key: { : null }","driver":true,"index":0,"code":11000,"errmsg":"E11000 duplicate key error collection: transferRatesTest.users index: username_1 dup key: { : null }"},"level":"error","timestamp":"2018-09-06T08:50:46.743Z"}
{"message":"Recipient not found","level":"error","timestamp":"2018-09-06T08:57:48.771Z"}
{"message":"Recipient not found","level":"error","timestamp":"2018-09-06T08:58:17.177Z"}
{"message":"Connection to the database cannot be established","err":{"errors":{"isUserBankAccount":{"message":"Path `isUserBankAccount` is required.","name":"ValidatorError","properties":{"message":"Path `isUserBankAccount` is required.","type":"required","path":"isUserBankAccount"},"kind":"required","path":"isUserBankAccount","$isValidatorError":true},"user":{"message":"Path `user` is required.","name":"ValidatorError","properties":{"message":"Path `user` is required.","type":"required","path":"user"},"kind":"required","path":"user","$isValidatorError":true}},"_message":"Recipient validation failed","message":"Recipient validation failed: isUserBankAccount: Path `isUserBankAccount` is required., user: Path `user` is required.","name":"ValidationError"},"level":"error","timestamp":"2018-09-06T08:59:28.078Z"}
{"message":"Connection to the database cannot be established","err":{"errors":{"user":{"message":"Path `user` is required.","name":"ValidatorError","properties":{"message":"Path `user` is required.","type":"required","path":"user"},"kind":"required","path":"user","$isValidatorError":true}},"_message":"Recipient validation failed","message":"Recipient validation failed: user: Path `user` is required.","name":"ValidationError"},"level":"error","timestamp":"2018-09-06T09:00:24.122Z"}
{"message":"Connection to the database cannot be established","err":{"errors":{"user":{"message":"Path `user` is required.","name":"ValidatorError","properties":{"message":"Path `user` is required.","type":"required","path":"user"},"kind":"required","path":"user","$isValidatorError":true}},"_message":"Recipient validation failed","message":"Recipient validation failed: user: Path `user` is required.","name":"ValidationError"},"level":"error","timestamp":"2018-09-06T09:01:13.922Z"}
{"message":"Connection to the database cannot be established","err":{"errors":{"user":{"message":"Path `user` is required.","name":"ValidatorError","properties":{"message":"Path `user` is required.","type":"required","path":"user"},"kind":"required","path":"user","$isValidatorError":true}},"_message":"Recipient validation failed","message":"Recipient validation failed: user: Path `user` is required.","name":"ValidationError"},"level":"error","timestamp":"2018-09-06T09:01:43.530Z"}
{"message":"Can't find user with rizki.fikriansyah@yahoo.co.id","isAvailable":true,"level":"error","timestamp":"2018-09-27T09:33:34.282Z"}
{"message":"User with vitriindria@gmail.com is already in the database","isAvailable":false,"level":"error","timestamp":"2018-09-27T09:34:01.417Z"}
{"message":"User with vitriindria@gmail.com is already in the database","isAvailable":false,"level":"error","timestamp":"2018-09-27T11:06:23.413Z"}
{"message":"User with vitriindria@gmail.com is already in the database","isAvailable":false,"level":"error","timestamp":"2018-09-27T11:29:32.997Z"}
{"message":"User with vitriindria@gmail.com is already in the database","isAvailable":false,"level":"error","timestamp":"2018-09-27T11:31:34.795Z"}
{"message":"User with vitriindria@gmail.com is already in the database","isAvailable":false,"level":"error","timestamp":"2018-09-27T11:32:01.644Z"}
{"message":"User with vitriindria@gmail.com is already in the database","isAvailable":false,"level":"error","timestamp":"2018-09-27T11:34:37.708Z"}
{"message":"User with vitriindria@gmail.com is already in the database","isAvailable":false,"level":"error","timestamp":"2018-09-27T11:36:17.245Z"}
{"message":"User with vitriindria@gmail.com is already in the database","isAvailable":false,"level":"error","timestamp":"2018-09-27T11:36:47.628Z"}
{"message":"User with vitriindria@gmail.com is already in the database","isAvailable":false,"level":"error","timestamp":"2018-09-27T11:37:40.290Z"}
{"message":"User with vitriindria@gmail.com is already in the database","isAvailable":false,"level":"error","timestamp":"2018-09-27T11:41:11.721Z"}
{"message":"User with vitriindria@gmail.com is already in the database","isAvailable":false,"level":"error","timestamp":"2018-09-27T11:41:52.416Z"}
{"message":"User with vitriindria@gmail.com is already in the database","isAvailable":false,"level":"error","timestamp":"2018-09-27T11:58:33.309Z"}
{"message":"User with vitriindria@gmail.com is already in the database","isAvailable":false,"level":"error","timestamp":"2018-09-27T15:56:44.357Z"}
{"message":"User with vitriindria@gmail.com is already in the database","isAvailable":false,"level":"error","timestamp":"2018-09-27T15:57:21.191Z"}
{"message":"User with vitriindria@gmail.com is already in the database","isAvailable":false,"level":"error","timestamp":"2018-09-27T15:59:36.281Z"}
{"message":"Cannot save user","err":{"name":"MongoError","message":"E11000 duplicate key error collection: transferRatesTest.users index: username_1 dup key: { : null }","driver":true,"index":0,"code":11000,"errmsg":"E11000 duplicate key error collection: transferRatesTest.users index: username_1 dup key: { : null }"},"level":"error","timestamp":"2018-10-01T13:16:48.016Z"}
{"message":"Cannot save user","err":{"name":"MongoError","message":"E11000 duplicate key error collection: transferRatesTest.users index: username_1 dup key: { : null }","driver":true,"index":0,"code":11000,"errmsg":"E11000 duplicate key error collection: transferRatesTest.users index: username_1 dup key: { : null }"},"level":"error","timestamp":"2018-10-01T13:18:47.978Z"}
{"message":"Cannot save user","err":{"name":"MongoError","message":"E11000 duplicate key error collection: transferRatesTest.users index: username_1 dup key: { : null }","driver":true,"index":0,"code":11000,"errmsg":"E11000 duplicate key error collection: transferRatesTest.users index: username_1 dup key: { : null }"},"level":"error","timestamp":"2018-10-01T13:27:36.029Z"}
{"message":"Cannot save user","err":{"name":"MongoError","message":"E11000 duplicate key error collection: transferRatesTest.users index: email_1 dup key: { : \"rizki.fikriansyah@yahoo.co.id\" }","driver":true,"index":0,"code":11000,"errmsg":"E11000 duplicate key error collection: transferRatesTest.users index: email_1 dup key: { : \"rizki.fikriansyah@yahoo.co.id\" }"},"level":"error","timestamp":"2018-10-01T13:28:19.159Z"}
{"message":"User with rizki.fikriansyah@yahoo.co.id is already in the database","isAvailable":false,"level":"error","timestamp":"2018-10-01T13:28:58.462Z"}
{"message":"User with rizki.fikriansyah@yahoo.co.id is already in the database","isAvailable":false,"level":"error","timestamp":"2018-10-01T14:16:31.288Z"}
{"message":"User with rizki.fikriansyah@yahoo.co.id is already in the database","isAvailable":false,"level":"error","timestamp":"2018-10-01T14:17:48.498Z"}
{"message":"User with rizki.fikriansyah@yahoo.co.id is already in the database","isAvailable":false,"level":"error","timestamp":"2018-10-01T14:19:18.839Z"}
{"message":"User with vitriindria@gmail.com is already in the database","isAvailable":false,"level":"error","timestamp":"2018-10-01T14:30:45.162Z"}
{"message":"User with vitriindria@gmail.com is already in the database","isAvailable":false,"level":"error","timestamp":"2018-10-01T14:32:06.391Z"}
{"message":"Cannot save user","err":{"name":"MongoError","message":"E11000 duplicate key error collection: transferRatesTest.users index: email_1 dup key: { : \"rizki.fikriansyah@yahoo.co.id\" }","driver":true,"index":0,"code":11000,"errmsg":"E11000 duplicate key error collection: transferRatesTest.users index: email_1 dup key: { : \"rizki.fikriansyah@yahoo.co.id\" }"},"level":"error","timestamp":"2018-10-01T14:35:07.159Z"}
{"message":"Cannot save user","err":{"name":"MongoError","message":"E11000 duplicate key error collection: transferRatesTest.users index: email_1 dup key: { : \"rizki.fikriansyah@yahoo.co.id\" }","driver":true,"index":0,"code":11000,"errmsg":"E11000 duplicate key error collection: transferRatesTest.users index: email_1 dup key: { : \"rizki.fikriansyah@yahoo.co.id\" }"},"level":"error","timestamp":"2018-10-01T14:40:02.907Z"}
{"message":"Cannot save user","err":{"name":"MongoError","message":"E11000 duplicate key error collection: transferRatesTest.users index: email_1 dup key: { : \"rizki.fikriansyah@yahoo.co.id\" }","driver":true,"index":0,"code":11000,"errmsg":"E11000 duplicate key error collection: transferRatesTest.users index: email_1 dup key: { : \"rizki.fikriansyah@yahoo.co.id\" }"},"level":"error","timestamp":"2018-10-01T14:41:05.424Z"}
{"message":"Cannot save user","err":{"name":"MongoError","message":"E11000 duplicate key error collection: transferRatesTest.users index: email_1 dup key: { : \"rizki.fikriansyah@yahoo.co.id\" }","driver":true,"index":0,"code":11000,"errmsg":"E11000 duplicate key error collection: transferRatesTest.users index: email_1 dup key: { : \"rizki.fikriansyah@yahoo.co.id\" }"},"level":"error","timestamp":"2018-10-01T14:41:48.054Z"}
{"message":"Cannot save user","err":{"name":"MongoError","message":"E11000 duplicate key error collection: transferRatesTest.users index: email_1 dup key: { : \"rizki.fikriansyah@yahoo.co.id\" }","driver":true,"index":0,"code":11000,"errmsg":"E11000 duplicate key error collection: transferRatesTest.users index: email_1 dup key: { : \"rizki.fikriansyah@yahoo.co.id\" }"},"level":"error","timestamp":"2018-10-01T14:43:59.472Z"}
{"message":"Cannot save user","err":{"name":"MongoError","message":"E11000 duplicate key error collection: transferRatesTest.users index: email_1 dup key: { : \"rizki.fikriansyah@yahoo.co.id\" }","driver":true,"index":0,"code":11000,"errmsg":"E11000 duplicate key error collection: transferRatesTest.users index: email_1 dup key: { : \"rizki.fikriansyah@yahoo.co.id\" }"},"level":"error","timestamp":"2018-10-01T14:46:22.686Z"}
{"message":"Cannot save user","err":{"name":"MongoError","message":"E11000 duplicate key error collection: transferRatesTest.users index: email_1 dup key: { : \"rizki.fikriansyah@yahoo.co.id\" }","driver":true,"index":0,"code":11000,"errmsg":"E11000 duplicate key error collection: transferRatesTest.users index: email_1 dup key: { : \"rizki.fikriansyah@yahoo.co.id\" }"},"level":"error","timestamp":"2018-10-01T14:46:23.207Z"}
{"message":"Cannot save user","err":{"name":"MongoError","message":"E11000 duplicate key error collection: transferRatesTest.users index: email_1 dup key: { : \"rizki.fikriansyah@yahoo.co.id\" }","driver":true,"index":0,"code":11000,"errmsg":"E11000 duplicate key error collection: transferRatesTest.users index: email_1 dup key: { : \"rizki.fikriansyah@yahoo.co.id\" }"},"level":"error","timestamp":"2018-10-01T14:46:23.756Z"}
{"message":"Cannot save user","err":{"name":"MongoError","message":"E11000 duplicate key error collection: transferRatesTest.users index: email_1 dup key: { : \"rizki.fikriansyah@yahoo.co.id\" }","driver":true,"index":0,"code":11000,"errmsg":"E11000 duplicate key error collection: transferRatesTest.users index: email_1 dup key: { : \"rizki.fikriansyah@yahoo.co.id\" }"},"level":"error","timestamp":"2018-10-01T14:50:51.220Z"}
{"message":"User with rizki.fikriansyah@yahoo.co.id is already in the database","isAvailable":false,"level":"error","timestamp":"2018-10-01T18:54:52.306Z"}
{"message":"User with rizki.fikriansyah@yahoo.co.id is already in the database","isAvailable":false,"level":"error","timestamp":"2018-10-02T08:51:24.314Z"}
{"message":"User with vitriindria@gmail.com is already in the database","isAvailable":false,"level":"error","timestamp":"2018-10-02T08:51:27.009Z"}
{"message":"rizki.fikriansyah@yahoo.co.id is already confirmed","user":{"status":"IS_ACTIVE","email":"rizki.fikriansyah@yahoo.co.id"},"level":"error","timestamp":"2018-10-02T10:03:52.544Z"}
{"message":"Can't find user with anissa.marifatillah@yahoo.com","level":"error","timestamp":"2018-10-02T10:04:11.531Z"}
{"message":"Can't find user with anissa.marifatillah@yahoo.com","level":"error","timestamp":"2018-10-02T10:08:30.313Z"}
{"message":"Can't find user with anissa.marifatillah@yahoo.com","level":"error","timestamp":"2018-10-02T10:08:35.745Z"}
{"message":"rizki.fikriansyah@yahoo.co.id is already confirmed","user":{"status":"IS_ACTIVE","email":"rizki.fikriansyah@yahoo.co.id"},"level":"error","timestamp":"2018-10-02T10:09:15.856Z"}
{"message":"rizki.fikriansyah@yahoo.co.id is already confirmed","user":{"status":"IS_ACTIVE","email":"rizki.fikriansyah@yahoo.co.id"},"level":"error","timestamp":"2018-10-02T10:09:56.028Z"}
{"message":"rizki.fikriansyah@yahoo.co.id is already confirmed","user":{"status":"IS_ACTIVE","email":"rizki.fikriansyah@yahoo.co.id"},"level":"error","timestamp":"2018-10-02T10:10:35.368Z"}
{"message":"rizki.fikriansyah@yahoo.co.id is already confirmed","user":{"status":"IS_ACTIVE","email":"rizki.fikriansyah@yahoo.co.id"},"level":"error","timestamp":"2018-10-02T10:11:05.014Z"}
{"message":"rizki.fikriansyah@yahoo.co.id is already confirmed","user":{"status":"IS_ACTIVE","email":"rizki.fikriansyah@yahoo.co.id"},"level":"error","timestamp":"2018-10-02T10:17:31.373Z"}
{"message":"Can't find user with anissa.marifatillah@yahoo.com","level":"error","timestamp":"2018-10-02T10:17:50.843Z"}
{"message":"Can't find user with anissa.marifatillah@yahoo.com","level":"error","timestamp":"2018-10-02T10:18:23.827Z"}
{"message":"Can't find user with anissa.marifatillah@yahoo.com","level":"error","timestamp":"2018-10-02T10:18:23.877Z"}
{"message":"Can't find user with anissa.marifatillah@yahoo.com","level":"error","timestamp":"2018-10-02T10:18:23.885Z"}
{"message":"Can't find user with anissa.marifatillah@yahoo.com","level":"error","timestamp":"2018-10-02T10:18:23.921Z"}
{"message":"Can't find user with anissa.marifatillah@yahoo.com","level":"error","timestamp":"2018-10-02T10:18:23.922Z"}
{"message":"Can't find user with anissa.marifatillah@yahoo.com","level":"error","timestamp":"2018-10-02T10:18:23.931Z"}
{"message":"Can't find user with anissa.marifatillah@yahoo.com","level":"error","timestamp":"2018-10-02T10:18:23.943Z"}
{"message":"Can't find user with anissa.marifatillah@yahoo.com","level":"error","timestamp":"2018-10-02T10:18:23.949Z"}
{"message":"Can't find user with anissa.marifatillah@yahoo.com","level":"error","timestamp":"2018-10-02T10:18:23.950Z"}
{"message":"Can't find user with anissa.marifatillah@yahoo.com","level":"error","timestamp":"2018-10-02T10:18:27.257Z"}
{"message":"Can't find user with anissa.marifatillah@yahoo.com","level":"error","timestamp":"2018-10-02T10:21:20.120Z"}
{"message":"rizki.fikriansyah@yahoo.co.id is already confirmed","user":{"status":"IS_ACTIVE","email":"rizki.fikriansyah@yahoo.co.id"},"level":"error","timestamp":"2018-10-02T10:21:25.515Z"}
{"message":"Error connecting to the server","err":{"name":"JsonWebTokenError","message":"jwt malformed"},"level":"error","timestamp":"2018-10-02T11:49:53.637Z"}
{"message":"Error connecting to the server","err":{"name":"JsonWebTokenError","message":"jwt malformed"},"level":"error","timestamp":"2018-10-02T11:50:12.790Z"}
{"message":"Error connecting to the server","err":{"name":"JsonWebTokenError","message":"jwt malformed"},"level":"error","timestamp":"2018-10-02T11:51:07.484Z"}
{"message":"Error connecting to the server","err":{"name":"JsonWebTokenError","message":"jwt malformed"},"level":"error","timestamp":"2018-10-02T12:00:47.725Z"}
{"message":"rizki.fikriansyah@yahoo.co.id is already confirmed","user":{"status":"IS_ACTIVE","email":"rizki.fikriansyah@yahoo.co.id"},"level":"error","timestamp":"2018-10-02T12:01:02.062Z"}
{"message":"Error connecting to the server","err":{"name":"JsonWebTokenError","message":"jwt malformed"},"level":"error","timestamp":"2018-10-02T12:02:13.292Z"}
{"message":"User already confirmed","level":"error","timestamp":"2018-10-02T12:03:06.615Z"}
{"message":"Error connecting to the server","err":{"name":"JsonWebTokenError","message":"invalid signature"},"level":"error","timestamp":"2018-10-02T12:03:32.477Z"}
{"message":"Error connecting to the server","err":{"name":"JsonWebTokenError","message":"invalid token"},"level":"error","timestamp":"2018-10-02T12:03:43.686Z"}
{"message":"Error connecting to the server","err":{"name":"JsonWebTokenError","message":"invalid token"},"level":"error","timestamp":"2018-10-02T12:04:17.750Z"}
{"message":"Error connecting to the server","err":{"name":"JsonWebTokenError","message":"invalid token"},"level":"error","timestamp":"2018-10-02T12:04:36.758Z"}
{"message":"User already confirmed","level":"error","timestamp":"2018-10-02T12:04:49.224Z"}
{"message":"User already confirmed","level":"error","timestamp":"2018-10-02T12:05:01.668Z"}
{"message":"User already confirmed","level":"error","timestamp":"2018-10-02T12:05:44.452Z"}
{"message":"User already confirmed","level":"error","timestamp":"2018-10-02T12:06:12.575Z"}
{"message":"User already confirmed","level":"error","timestamp":"2018-10-02T12:07:16.716Z"}
{"message":"User already confirmed","level":"error","timestamp":"2018-10-02T12:07:53.463Z"}
{"message":"User already confirmed","level":"error","timestamp":"2018-10-02T12:14:55.106Z"}
{"message":"User with rizki.fikriansyah@yahoo.co.id is already in the database","isAvailable":false,"level":"error","timestamp":"2018-10-08T12:33:17.857Z"}
{"message":"No transaction found","user":"rizki.fikriansyah@yahoo.co.id","level":"error","timestamp":"2018-10-09T10:25:41.337Z"}
{"message":"Recipient not found","level":"error","timestamp":"2018-10-09T10:26:12.117Z"}
{"message":"Recipient not found","level":"error","timestamp":"2018-10-09T11:53:58.481Z"}
{"message":"Recipient not found","level":"error","timestamp":"2018-10-09T11:55:45.870Z"}
{"message":"Recipient not found","level":"error","timestamp":"2018-10-09T11:56:04.334Z"}
{"message":"Connection to the database cannot be established","err":{"errors":{"bankAccount.IBAN":{"message":"Invalid IBAN","name":"ValidatorError","properties":{"message":"Invalid IBAN","type":"user defined","path":"bankAccount.IBAN","value":"DE1252513581304814"},"kind":"user defined","path":"bankAccount.IBAN","value":"DE1252513581304814","$isValidatorError":true}},"_message":"Recipient validation failed","message":"Recipient validation failed: bankAccount.IBAN: Invalid IBAN","name":"ValidationError"},"level":"error","timestamp":"2018-10-09T12:10:04.447Z"}
{"message":"Connection to the database cannot be established","err":{"errors":{"bankAccount.IBAN":{"message":"Invalid IBAN","name":"ValidatorError","properties":{"message":"Invalid IBAN","type":"user defined","path":"bankAccount.IBAN","value":"DE89 3704 0044 0532 0130 00"},"kind":"user defined","path":"bankAccount.IBAN","value":"DE89 3704 0044 0532 0130 00","$isValidatorError":true}},"_message":"Recipient validation failed","message":"Recipient validation failed: bankAccount.IBAN: Invalid IBAN","name":"ValidationError"},"level":"error","timestamp":"2018-10-09T12:10:54.388Z"}
{"message":"Connection to the database cannot be established","err":{"name":"MongoError","message":"Failed to parse: { find: \"recipients\", filter: { user: ObjectId('5bb33b7bc4d15929efb62914') }, projection: {}, limit: \"1\", returnKey: false, showRecordId: false, lsid: { id: UUID(\"6b32851c-a74f-4db1-8843-252174a8bbf8\") }, $db: \"transferRatesTest\" }. 'limit' field must be numeric.","ok":0,"errmsg":"Failed to parse: { find: \"recipients\", filter: { user: ObjectId('5bb33b7bc4d15929efb62914') }, projection: {}, limit: \"1\", returnKey: false, showRecordId: false, lsid: { id: UUID(\"6b32851c-a74f-4db1-8843-252174a8bbf8\") }, $db: \"transferRatesTest\" }. 'limit' field must be numeric.","code":9,"codeName":"FailedToParse"},"level":"error","timestamp":"2018-10-09T15:14:31.711Z"}
{"message":"rizki.fikriansyah@yahoo.co.id is already confirmed","user":{"status":"IS_ACTIVE","email":"rizki.fikriansyah@yahoo.co.id"},"level":"error","timestamp":"2018-10-09T16:44:27.859Z"}
{"message":"vitriindria@gmail.com is already confirmed","user":{"status":"IS_ACTIVE","email":"vitriindria@gmail.com"},"level":"error","timestamp":"2018-10-09T16:44:47.454Z"}
{"message":"Can't find user with anissa.marifatillah@yahoo.com","level":"error","timestamp":"2018-10-09T16:44:53.854Z"}
{"message":"There are no recipient with id of 5bbc9789f5094d0c4ca65cb1","level":"error","timestamp":"2018-10-24T10:23:17.853Z"}
{"message":"There are no recipient with id of 5bbc9789f5094d0c4ca65cb1","level":"error","timestamp":"2018-10-24T10:24:10.725Z"}
{"message":"There are no recipient with id of 5bbc9789f5094d0c4ca65cb1","level":"error","timestamp":"2018-10-24T10:44:50.205Z"}
{"message":"There are no recipient with id of 5bbc9789f5094d0c4ca65cb5","level":"error","timestamp":"2018-10-24T10:44:56.484Z"}
{"message":"There are no recipient with id of 5bbc9789f5084d0c4ca65cb5","level":"error","timestamp":"2018-10-24T10:45:09.048Z"}
{"message":"There are no recipient with id of 5bbc9789f5094d0c4ca65cb5","level":"error","timestamp":"2018-10-24T10:45:14.267Z"}
{"message":"There are no recipient with id of 5bbc9789f5094d0c4ca65cb5","level":"error","timestamp":"2018-10-24T10:51:12.508Z"}
{"message":"Recipient not found","level":"error","timestamp":"2018-10-24T10:54:21.946Z"}
{"message":"Recipient not found","level":"error","timestamp":"2018-10-24T10:55:22.494Z"}
{"message":"Recipient not found","level":"error","timestamp":"2018-10-24T10:56:50.840Z"}
{"message":"Recipient not found","level":"error","timestamp":"2018-10-24T10:56:50.857Z"}
{"message":"Recipient not found","level":"error","timestamp":"2018-10-24T11:10:28.384Z"}
{"message":"Recipient not found","level":"error","timestamp":"2018-10-24T11:13:12.019Z"}
{"message":"Recipient not found","level":"error","timestamp":"2018-10-24T11:13:18.691Z"}
{"message":"Recipient not found","level":"error","timestamp":"2018-10-24T11:14:11.300Z"}
{"message":"Recipient not found","level":"error","timestamp":"2018-10-24T11:15:33.596Z"}
{"message":"Recipient not found","level":"error","timestamp":"2018-10-24T11:17:36.981Z"}
{"message":"Recipient not found","level":"error","timestamp":"2018-10-24T11:22:22.684Z"}
{"message":"Recipient not found","level":"error","timestamp":"2018-10-24T11:23:04.663Z"}
{"message":"Recipient not found","level":"error","timestamp":"2018-10-24T13:21:30.213Z"}
{"message":"User with vitriindria@gmail.com is already in the database","isAvailable":false,"level":"error","timestamp":"2018-10-24T13:22:45.726Z"}
{"message":"Recipient not found","level":"error","timestamp":"2018-10-24T13:23:04.924Z"}
{"message":"Recipient not found","level":"error","timestamp":"2018-10-24T13:25:41.904Z"}
{"message":"Recipient not found","level":"error","timestamp":"2018-10-24T13:27:30.244Z"}
{"message":"Recipient not found","level":"error","timestamp":"2018-10-24T13:27:54.367Z"}
{"message":"Recipient not found","level":"error","timestamp":"2018-10-24T13:28:21.965Z"}
{"message":"Recipient not found","level":"error","timestamp":"2018-10-24T13:28:30.723Z"}
{"message":"Recipient not found","level":"error","timestamp":"2018-10-24T13:28:42.011Z"}
{"message":"Recipient not found","level":"error","timestamp":"2018-10-24T13:29:37.854Z"}
{"message":"Recipient not found","level":"error","timestamp":"2018-10-24T13:30:02.765Z"}
{"message":"Recipient not found","level":"error","timestamp":"2018-10-24T13:30:14.175Z"}
{"message":"Recipient not found","level":"error","timestamp":"2018-10-24T13:30:29.290Z"}
{"message":"Recipient not found","level":"error","timestamp":"2018-10-24T13:30:52.595Z"}
{"message":"Recipient not found","level":"error","timestamp":"2018-10-24T13:31:05.407Z"}
{"message":"Recipient not found","level":"error","timestamp":"2018-10-24T13:31:22.156Z"}
{"message":"Recipient not found","level":"error","timestamp":"2018-10-24T13:31:27.710Z"}
{"message":"Recipient not found","level":"error","timestamp":"2018-10-24T13:32:25.819Z"}
{"message":"Recipient not found","level":"error","timestamp":"2018-10-24T13:33:23.427Z"}
{"message":"Recipient not found","level":"error","timestamp":"2018-10-24T13:33:57.417Z"}
{"message":"Recipient not found","level":"error","timestamp":"2018-10-24T13:44:35.346Z"}
{"message":"Recipient not found","level":"error","timestamp":"2018-10-24T13:44:53.919Z"}
{"message":"Recipient not found","level":"error","timestamp":"2018-10-24T13:45:20.027Z"}
{"message":"Recipient not found","level":"error","timestamp":"2018-10-24T13:46:26.711Z"}
{"message":"Recipient not found","level":"error","timestamp":"2018-10-24T13:54:43.982Z"}
{"message":"Recipient not found","level":"error","timestamp":"2018-10-24T13:54:54.310Z"}
{"message":"Recipient not found","level":"error","timestamp":"2018-10-24T13:55:58.873Z"}
{"message":"Recipient not found","level":"error","timestamp":"2018-10-24T13:56:01.484Z"}
{"message":"Connection to the database cannot be established","err":{"errors":{"phoneNumber":{"message":"Path `phoneNumber` is required.","name":"ValidatorError","properties":{"message":"Path `phoneNumber` is required.","type":"required","path":"phoneNumber"},"kind":"required","path":"phoneNumber","$isValidatorError":true}},"_message":"Recipient validation failed","message":"Recipient validation failed: phoneNumber: Path `phoneNumber` is required.","name":"ValidationError"},"level":"error","timestamp":"2018-10-25T04:16:28.085Z"}
{"message":"Connection to the database cannot be established","err":{"errors":{"phoneNumber":{"message":"Path `phoneNumber` is required.","name":"ValidatorError","properties":{"message":"Path `phoneNumber` is required.","type":"required","path":"phoneNumber"},"kind":"required","path":"phoneNumber","$isValidatorError":true}},"_message":"Recipient validation failed","message":"Recipient validation failed: phoneNumber: Path `phoneNumber` is required.","name":"ValidationError"},"level":"error","timestamp":"2018-10-25T04:19:00.353Z"}
{"message":"Connection to the database cannot be established","err":{"errors":{"phoneNumber":{"message":"Path `phoneNumber` is required.","name":"ValidatorError","properties":{"message":"Path `phoneNumber` is required.","type":"required","path":"phoneNumber"},"kind":"required","path":"phoneNumber","$isValidatorError":true}},"_message":"Recipient validation failed","message":"Recipient validation failed: phoneNumber: Path `phoneNumber` is required.","name":"ValidationError"},"level":"error","timestamp":"2018-10-25T04:20:26.272Z"}
{"message":"Recipient not found","level":"error","timestamp":"2018-10-25T09:48:11.455Z"}
{"message":"Recipient not found","level":"error","timestamp":"2018-10-25T09:49:14.246Z"}
{"message":"Recipient not found","level":"error","timestamp":"2018-10-25T09:49:25.382Z"}
{"message":"Recipient not found","level":"error","timestamp":"2018-10-25T09:49:49.645Z"}
{"message":"Recipient not found","level":"error","timestamp":"2018-10-25T09:49:52.227Z"}
{"message":"Recipient not found","level":"error","timestamp":"2018-10-25T09:50:31.089Z"}
{"message":"Recipient not found","level":"error","timestamp":"2018-10-25T09:52:34.634Z"}
{"message":"Recipient not found","level":"error","timestamp":"2018-10-25T09:54:39.788Z"}
{"message":"Recipient not found","level":"error","timestamp":"2018-10-25T09:55:13.102Z"}
{"message":"Recipient not found","level":"error","timestamp":"2018-10-25T09:55:41.461Z"}
{"message":"Recipient not found","level":"error","timestamp":"2018-10-25T09:57:29.006Z"}
{"message":"Recipient not found","level":"error","timestamp":"2018-10-25T09:57:34.921Z"}
{"message":"Error connecting to the database","err":{"errors":{"toBeTransfered.amount":{"message":"Path `toBeTransfered.amount` is required.","name":"ValidatorError","properties":{"message":"Path `toBeTransfered.amount` is required.","type":"required","path":"toBeTransfered.amount"},"kind":"required","path":"toBeTransfered.amount","$isValidatorError":true},"toBeTransfered.base":{"message":"Path `toBeTransfered.base` is required.","name":"ValidatorError","properties":{"message":"Path `toBeTransfered.base` is required.","type":"required","path":"toBeTransfered.base"},"kind":"required","path":"toBeTransfered.base","$isValidatorError":true},"toCurrency.amount":{"message":"Path `toCurrency.amount` is required.","name":"ValidatorError","properties":{"message":"Path `toCurrency.amount` is required.","type":"required","path":"toCurrency.amount"},"kind":"required","path":"toCurrency.amount","$isValidatorError":true},"fromCurrency.amount":{"message":"Path `fromCurrency.amount` is required.","name":"ValidatorError","properties":{"message":"Path `fromCurrency.amount` is required.","type":"required","path":"fromCurrency.amount"},"kind":"required","path":"fromCurrency.amount","$isValidatorError":true}},"_message":"Transaction validation failed","message":"Transaction validation failed: toBeTransfered.amount: Path `toBeTransfered.amount` is required., toBeTransfered.base: Path `toBeTransfered.base` is required., toCurrency.amount: Path `toCurrency.amount` is required., fromCurrency.amount: Path `fromCurrency.amount` is required.","name":"ValidationError"},"level":"error","timestamp":"2018-10-25T09:58:31.688Z"}
{"message":"Error connecting to the database","err":{"errors":{"toCurrency.amount":{"message":"Path `toCurrency.amount` is required.","name":"ValidatorError","properties":{"message":"Path `toCurrency.amount` is required.","type":"required","path":"toCurrency.amount"},"kind":"required","path":"toCurrency.amount","$isValidatorError":true},"fromCurrency.amount":{"message":"Path `fromCurrency.amount` is required.","name":"ValidatorError","properties":{"message":"Path `fromCurrency.amount` is required.","type":"required","path":"fromCurrency.amount"},"kind":"required","path":"fromCurrency.amount","$isValidatorError":true},"toBeTransfered.amount":{"message":"Path `toBeTransfered.amount` is required.","name":"ValidatorError","properties":{"message":"Path `toBeTransfered.amount` is required.","type":"required","path":"toBeTransfered.amount"},"kind":"required","path":"toBeTransfered.amount","$isValidatorError":true}},"_message":"Transaction validation failed","message":"Transaction validation failed: toCurrency.amount: Path `toCurrency.amount` is required., fromCurrency.amount: Path `fromCurrency.amount` is required., toBeTransfered.amount: Path `toBeTransfered.amount` is required.","name":"ValidationError"},"level":"error","timestamp":"2018-10-25T10:02:39.011Z"}
{"message":"Error connecting to the database","err":{"errors":{"toCurrency.amount":{"message":"Path `toCurrency.amount` is required.","name":"ValidatorError","properties":{"message":"Path `toCurrency.amount` is required.","type":"required","path":"toCurrency.amount"},"kind":"required","path":"toCurrency.amount","$isValidatorError":true},"fromCurrency.amount":{"message":"Path `fromCurrency.amount` is required.","name":"ValidatorError","properties":{"message":"Path `fromCurrency.amount` is required.","type":"required","path":"fromCurrency.amount"},"kind":"required","path":"fromCurrency.amount","$isValidatorError":true},"toBeTransfered.amount":{"message":"Path `toBeTransfered.amount` is required.","name":"ValidatorError","properties":{"message":"Path `toBeTransfered.amount` is required.","type":"required","path":"toBeTransfered.amount"},"kind":"required","path":"toBeTransfered.amount","$isValidatorError":true}},"_message":"Transaction validation failed","message":"Transaction validation failed: toCurrency.amount: Path `toCurrency.amount` is required., fromCurrency.amount: Path `fromCurrency.amount` is required., toBeTransfered.amount: Path `toBeTransfered.amount` is required.","name":"ValidationError"},"level":"error","timestamp":"2018-10-25T10:05:14.494Z"}
{"message":"Error connecting to the database","err":{"errors":{"toCurrency.amount":{"message":"Path `toCurrency.amount` is required.","name":"ValidatorError","properties":{"message":"Path `toCurrency.amount` is required.","type":"required","path":"toCurrency.amount"},"kind":"required","path":"toCurrency.amount","$isValidatorError":true},"fromCurrency.amount":{"message":"Path `fromCurrency.amount` is required.","name":"ValidatorError","properties":{"message":"Path `fromCurrency.amount` is required.","type":"required","path":"fromCurrency.amount"},"kind":"required","path":"fromCurrency.amount","$isValidatorError":true},"toBeTransfered.amount":{"message":"Path `toBeTransfered.amount` is required.","name":"ValidatorError","properties":{"message":"Path `toBeTransfered.amount` is required.","type":"required","path":"toBeTransfered.amount"},"kind":"required","path":"toBeTransfered.amount","$isValidatorError":true}},"_message":"Transaction validation failed","message":"Transaction validation failed: toCurrency.amount: Path `toCurrency.amount` is required., fromCurrency.amount: Path `fromCurrency.amount` is required., toBeTransfered.amount: Path `toBeTransfered.amount` is required.","name":"ValidationError"},"level":"error","timestamp":"2018-10-25T10:08:19.678Z"}
{"message":"Email can not be sent","error":{"code":"ETIMEDOUT","command":"CONN"},"level":"error","timestamp":"2018-10-25T10:14:43.729Z"}
{"message":"There are no recipient with id of 5bd193abc395db397331db73","level":"error","timestamp":"2018-10-25T10:45:03.457Z"}
{"message":"There are no recipient with id of 5bd193abc395db397331db73","level":"error","timestamp":"2018-10-25T11:47:08.236Z"}
{"message":"No transaction found","user":"rizki.fikriansyah@yahoo.co.id","level":"error","timestamp":"2018-10-25T12:16:21.043Z"}
{"message":"No transaction found","user":"vitriindria@gmail.com","level":"error","timestamp":"2018-10-25T12:40:52.051Z"}
{"message":"Recipient not found","level":"error","timestamp":"2018-10-25T12:40:52.056Z"}
{"message":"No transaction found","user":"vitriindria@gmail.com","level":"error","timestamp":"2018-10-25T12:41:11.700Z"}
{"message":"Recipient not found","level":"error","timestamp":"2018-10-25T12:41:11.712Z"}
{"message":"No transaction found","user":"vitriindria@gmail.com","level":"error","timestamp":"2018-10-25T12:42:04.759Z"}
{"message":"Recipient not found","level":"error","timestamp":"2018-10-25T12:42:04.772Z"}
{"message":"No transaction found","user":"vitriindria@gmail.com","level":"error","timestamp":"2018-10-25T13:36:22.052Z"}
{"message":"No transaction found","user":"vitriindria@gmail.com","level":"error","timestamp":"2018-10-25T13:36:24.385Z"}
{"message":"Recipient not found","level":"error","timestamp":"2018-10-25T13:36:24.460Z"}
{"message":"No transaction found","user":"vitriindria@gmail.com","level":"error","timestamp":"2018-10-26T16:46:03.990Z"}
{"message":"No transaction found","user":"vitriindria@gmail.com","level":"error","timestamp":"2018-10-26T16:46:07.771Z"}
{"message":"Recipient not found","level":"error","timestamp":"2018-10-26T16:46:07.878Z"}
{"message":"No transaction found","user":"vitriindria@gmail.com","level":"error","timestamp":"2018-10-26T16:59:57.252Z"}
{"message":"No transaction found","user":"vitriindria@gmail.com","level":"error","timestamp":"2018-10-26T16:59:59.860Z"}
{"message":"No transaction found","user":"vitriindria@gmail.com","level":"error","timestamp":"2018-10-26T17:11:46.465Z"}
{"message":"No transaction found","user":"vitriindria@gmail.com","level":"error","timestamp":"2018-10-26T17:27:34.653Z"}
{"message":"No transaction found","user":"vitriindria@gmail.com","level":"error","timestamp":"2018-10-26T17:27:44.481Z"}
{"message":"No transaction found","user":"vitriindria@gmail.com","level":"error","timestamp":"2018-10-26T17:36:29.922Z"}
{"message":"No transaction found","user":"vitriindria@gmail.com","level":"error","timestamp":"2018-10-26T17:37:12.442Z"}
{"message":"No transaction found","user":"vitriindria@gmail.com","level":"error","timestamp":"2018-10-26T17:38:14.535Z"}
{"message":"Error connecting to the database","err":{"errors":{"toBeTransfered.amount":{"message":"Path `toBeTransfered.amount` is required.","name":"ValidatorError","properties":{"message":"Path `toBeTransfered.amount` is required.","type":"required","path":"toBeTransfered.amount"},"kind":"required","path":"toBeTransfered.amount","$isValidatorError":true}},"_message":"Transaction validation failed","message":"Transaction validation failed: toBeTransfered.amount: Path `toBeTransfered.amount` is required.","name":"ValidationError"},"level":"error","timestamp":"2018-10-26T17:38:53.970Z"}
{"message":"Error connecting to the database","err":{"errors":{"toBeTransfered.amount":{"message":"Cast to Number failed for value \"NaN\" at path \"toBeTransfered.amount\"","name":"CastError","stringValue":"\"NaN\"","kind":"Number","value":null,"path":"toBeTransfered.amount","reason":{"message":"Cast to number failed for value \"NaN\" at path \"toBeTransfered.amount\"","name":"CastError","stringValue":"\"NaN\"","kind":"number","value":null,"path":"toBeTransfered.amount"}}},"_message":"Transaction validation failed","message":"Transaction validation failed: toBeTransfered.amount: Cast to Number failed for value \"NaN\" at path \"toBeTransfered.amount\"","name":"ValidationError"},"level":"error","timestamp":"2018-10-26T17:42:47.783Z"}
{"message":"No transaction found","user":"vitriindria@gmail.com","level":"error","timestamp":"2018-10-27T08:07:55.625Z"}
{"message":"Recipient not found","level":"error","timestamp":"2018-10-27T08:30:54.080Z"}
{"message":"Recipient not found","level":"error","timestamp":"2018-10-27T08:30:55.310Z"}
{"message":"Recipient not found","level":"error","timestamp":"2018-10-27T08:31:03.907Z"}
{"message":"Recipient not found","level":"error","timestamp":"2018-10-27T08:31:04.070Z"}
{"message":"Recipient not found","level":"error","timestamp":"2018-10-27T08:31:27.508Z"}
{"message":"Recipient not found","level":"error","timestamp":"2018-10-27T08:31:27.633Z"}
{"message":"No transaction found","user":"vitriindria@gmail.com","level":"error","timestamp":"2018-10-27T08:33:57.422Z"}
{"message":"Recipient not found","level":"error","timestamp":"2018-10-27T08:33:57.444Z"}
{"message":"No transaction found","user":"vitriindria@gmail.com","level":"error","timestamp":"2018-10-27T08:34:15.320Z"}
{"message":"Recipient not found","level":"error","timestamp":"2018-10-27T08:34:15.332Z"}
{"message":"No transaction found","user":"vitriindria@gmail.com","level":"error","timestamp":"2018-10-27T08:34:20.967Z"}
{"message":"Recipient not found","level":"error","timestamp":"2018-10-27T08:34:20.977Z"}
{"message":"No transaction found","user":"vitriindria@gmail.com","level":"error","timestamp":"2018-10-27T08:34:36.978Z"}
{"message":"Recipient not found","level":"error","timestamp":"2018-10-27T08:34:36.984Z"}
{"message":"No transaction found","user":"vitriindria@gmail.com","level":"error","timestamp":"2018-10-27T08:34:55.781Z"}
{"message":"Recipient not found","level":"error","timestamp":"2018-10-27T08:34:55.798Z"}
{"message":"Recipient not found","level":"error","timestamp":"2018-10-27T08:35:34.731Z"}
{"message":"No transaction found","user":"vitriindria@gmail.com","level":"error","timestamp":"2018-10-27T08:37:25.333Z"}
{"message":"No transaction found","user":"vitriindria@gmail.com","level":"error","timestamp":"2018-10-27T08:38:04.529Z"}
{"message":"No transaction found","user":"vitriindria@gmail.com","level":"error","timestamp":"2018-10-27T08:49:42.368Z"}
{"message":"Recipient 5bd426054e374650ed6dcac5 is not allowed to be deleted","level":"error","timestamp":"2018-10-27T08:51:00.871Z"}
{"message":"Recipient 5bd426054e374650ed6dcac5 is not allowed to be deleted","level":"error","timestamp":"2018-10-27T08:58:49.449Z"}
{"message":"Recipient 5bd426054e374650ed6dcac5 is not allowed to be deleted","level":"error","timestamp":"2018-10-27T08:59:05.341Z"}
