{"message":"Get profile of elsa@example.com","level":"info"}
{"message":"Get profile of elsa@example.com","level":"info","timestamp":"2018-09-02T05:59:46.046Z"}
{"message":"elsa@exampl.com requests confirmation","level":"info","timestamp":"2018-09-02T06:43:54.750Z"}
{"message":"Can't find user with elsa@exampl.com","level":"error","timestamp":"2018-09-02T06:43:54.758Z"}
{"message":"elsa@example.com requests confirmation","level":"info","timestamp":"2018-09-02T06:44:19.991Z"}
{"message":"Successfully create new user","savedUser":{"_id":"5b8b8a5faab3833b89e971d9","firstName":"Rizki","lastName":"Fikriansyah","dateOfBirth":"1992-02-22T00:00:00.000Z","username":"rizkifikri","email":"rizkeyfickr@gmail.com","bankAccount":[],"recipients":[],"transactions":[],"status":"IS_INACTIVE","createdAt":"2018-09-02T06:58:14.011Z"},"level":"info","timestamp":"2018-09-02T06:59:43.958Z"}
{"message":"Get profile of elsa@example.com","level":"info","timestamp":"2018-09-02T07:00:38.392Z"}
{"message":"rizkeyfickr@gmail.com requests confirmation","level":"info","timestamp":"2018-09-02T07:01:16.210Z"}
{"message":"Error while sending the email","error":{},"level":"error","timestamp":"2018-09-02T07:01:16.217Z"}
{"message":"rizkeyfickr@gmail.com requests confirmation","level":"info","timestamp":"2018-09-02T07:04:43.151Z"}
{"message":"rizkeyfickr@gmail.com requests confirmation","level":"info","timestamp":"2018-09-02T07:07:31.029Z"}
{"message":"rizkeyfickr@gmail.com requests confirmation","level":"info","timestamp":"2018-09-02T07:10:21.051Z"}
{"message":"Email sent","response":{"receiver":"rizkeyfickr@gmail.com"},"level":"info","timestamp":"2018-09-02T07:10:21.070Z"}
{"message":"rizkeyfickr@gmail.com requests confirmation","level":"info","timestamp":"2018-09-02T07:20:18.245Z"}
{"message":"Email sent","response":{"receiver":"rizkeyfickr@gmail.com"},"level":"info","timestamp":"2018-09-02T07:20:18.265Z"}
{"message":"User is confirmed","user":{"email":"rizkeyfickr@gmail.com","status":"IS_INACTIVE"},"level":"info","timestamp":"2018-09-02T08:05:41.267Z"}
{"message":"rizkeyfickr@gmail.com requests confirmation","level":"info","timestamp":"2018-09-02T08:08:08.406Z"}
{"message":"rizkeyfickr@gmail.com requests confirmation","level":"info","timestamp":"2018-09-02T08:09:22.262Z"}
{"message":"rizkeyfickr@gmail.com is already confirmed","user":{"status":"IS_ACTIVE","email":"rizkeyfickr@gmail.com"},"level":"error","timestamp":"2018-09-02T08:09:22.272Z"}
{"message":"User already confirmed","level":"error","timestamp":"2018-09-02T08:10:53.870Z"}
{"message":"User is confirmed","user":{"email":"rizkeyfickr@gmail.com","status":"IS_INACTIVE"},"level":"info","timestamp":"2018-09-02T08:11:34.829Z"}
{"message":"User already confirmed","level":"error","timestamp":"2018-09-02T08:12:43.555Z"}
{"message":"User is confirmed","user":{"email":"rizkeyfickr@gmail.com","status":"IS_ACTIVE"},"level":"info","timestamp":"2018-09-02T08:13:17.760Z"}
{"message":"rizkeyfickr@gmail.com is logging in","level":"info","timestamp":"2018-09-02T08:50:40.379Z"}
{"message":"Get profile of rizkeyfickr@gmail.com","level":"info","timestamp":"2018-09-02T08:51:09.111Z"}
{"message":"Get profile of rizkeyfickr@gmail.com","level":"info","timestamp":"2018-09-02T16:42:09.992Z"}
{"message":"No transaction found","user":"rizkeyfickr@gmail.com","level":"error","timestamp":"2018-09-02T18:09:53.701Z"}
{"message":"No transaction found","user":"rizkeyfickr@gmail.com","level":"error","timestamp":"2018-09-02T18:09:56.618Z"}
{"message":"Creating new transaction: Checking base","from":"15000000 IDR","to":"EUR","level":"info","timestamp":"2018-09-02T18:10:16.681Z"}
{"message":"Checking if recipient with the id of 5b8baa7479cf3954e75263c1 exists","level":"info","timestamp":"2018-09-02T18:10:16.690Z"}
{"message":"Saving new Transaction","transaction":{"fromCurrency":{"base":"IDR","amount":15000000},"toCurrency":{"base":"EUR","amount":876.2195664774569},"fee":{"base":"IDR","amount":109237.99370357},"createdAt":"2018-09-02T18:07:55.874Z","deadlineAt":"2018-09-05T18:07:55.874Z","failedAt":[],"status":"IS_PROCESSED","_id":"5b8c2788010a5668225e59bb","name":"Kirim ke Rizki","recipient":"5b8baa7479cf3954e75263c1","combineWithFee":false,"user":"5b8b8a5faab3833b89e971d9"},"level":"info","timestamp":"2018-09-02T18:10:16.700Z"}
{"message":"Successfully created new transaction","data":{"fromCurrency":{"base":"IDR","amount":15000000},"toCurrency":{"base":"EUR","amount":876.2195664774569},"fee":{"base":"IDR","amount":109237.99370357},"createdAt":"2018-09-02T18:07:55.874Z","deadlineAt":"2018-09-05T18:07:55.874Z","failedAt":[],"status":"IS_PROCESSED","_id":"5b8c2788010a5668225e59bb","name":"Kirim ke Rizki","recipient":"5b8baa7479cf3954e75263c1","combineWithFee":false,"user":"5b8b8a5faab3833b89e971d9","__v":0},"level":"info","timestamp":"2018-09-02T18:10:16.716Z"}
{"message":"rizkeyfickr@gmail.com is logged out","level":"info","timestamp":"2018-09-03T06:57:57.980Z"}
{"message":"rizkeyfickr@gmail.com is logged out","level":"info","timestamp":"2018-09-03T06:59:01.449Z"}
{"message":"Creating new transaction: Checking base","from":"1 EUR","to":"IDR","level":"info","timestamp":"2018-09-03T09:15:36.120Z"}
{"message":"Checking if recipient with the id of 5b8baa7479cf3954e75263c1 exists","level":"info","timestamp":"2018-09-03T09:15:36.128Z"}
{"message":"Saving new Transaction","transaction":{"fromCurrency":{"base":"EUR","amount":1},"toCurrency":{"base":"IDR","amount":17143.609360215},"fee":{"base":"EUR","amount":2.005},"createdAt":"2018-09-03T09:14:43.387Z","deadlineAt":"2018-09-04T09:14:43.387Z","failedAt":[],"status":"IS_PROCESSED","_id":"5b8cfbb850869208a6ed8b17","name":"Kirim ke Rizki","recipient":"5b8baa7479cf3954e75263c1","combineWithFee":false,"user":"5b8b8a5faab3833b89e971d9"},"level":"info","timestamp":"2018-09-03T09:15:36.135Z"}
{"message":"Creating new transaction: Checking base","from":"1 EUR","to":"IDR","level":"info","timestamp":"2018-09-03T09:16:18.416Z"}
{"message":"Checking if recipient with the id of 5b8baa7479cf3954e75263c1 exists","level":"info","timestamp":"2018-09-03T09:16:18.423Z"}
{"message":"Saving new Transaction","transaction":{"fromCurrency":{"base":"EUR","amount":1},"toCurrency":{"base":"IDR","amount":17143.609360215},"fee":{"base":"EUR","amount":2.005},"createdAt":"2018-09-03T09:16:17.104Z","deadlineAt":"2018-09-04T09:16:17.104Z","failedAt":[],"status":"IS_PROCESSED","_id":"5b8cfbe2d41e5f08feacdf24","name":"Kirim ke Rizki","recipient":"5b8baa7479cf3954e75263c1","combineWithFee":false,"user":"5b8b8a5faab3833b89e971d9"},"level":"info","timestamp":"2018-09-03T09:16:18.430Z"}
{"message":"Creating new transaction: Checking base","from":"1 EUR","to":"IDR","level":"info","timestamp":"2018-09-03T09:16:55.006Z"}
{"message":"Checking if recipient with the id of 5b8baa7479cf3954e75263c1 exists","level":"info","timestamp":"2018-09-03T09:16:55.014Z"}
{"message":"Saving new Transaction","transaction":{"fromCurrency":{"base":"EUR","amount":1},"toCurrency":{"base":"IDR","amount":17143.609360215},"fee":{"base":"EUR","amount":2.005},"createdAt":"2018-09-03T09:16:38.129Z","deadlineAt":"2018-09-04T09:16:38.129Z","failedAt":[],"status":"IS_PROCESSED","_id":"5b8cfc07eb9994094201d247","name":"Kirim ke Rizki","recipient":"5b8baa7479cf3954e75263c1","combineWithFee":false,"user":"5b8b8a5faab3833b89e971d9"},"level":"info","timestamp":"2018-09-03T09:16:55.021Z"}
{"message":"Creating new transaction: Checking base","from":"1 EUR","to":"IDR","level":"info","timestamp":"2018-09-03T09:17:31.612Z"}
{"message":"Checking if recipient with the id of 5b8baa7479cf3954e75263c1 exists","level":"info","timestamp":"2018-09-03T09:17:31.619Z"}
{"message":"Saving new Transaction","transaction":{"fromCurrency":{"base":"EUR","amount":1},"toCurrency":{"base":"IDR","amount":17143.609360215},"fee":{"base":"EUR","amount":2.005},"createdAt":"2018-09-03T09:17:27.351Z","deadlineAt":"2018-09-04T09:17:27.351Z","failedAt":[],"status":"IS_PROCESSED","_id":"5b8cfc2b05c150098f54bc67","name":"Kirim ke Rizki","recipient":"5b8baa7479cf3954e75263c1","combineWithFee":false,"user":"5b8b8a5faab3833b89e971d9"},"level":"info","timestamp":"2018-09-03T09:17:31.626Z"}
{"message":"Creating new transaction: Checking base","from":"1 EUR","to":"IDR","level":"info","timestamp":"2018-09-03T09:17:56.713Z"}
{"message":"Checking if recipient with the id of 5b8baa7479cf3954e75263c1 exists","level":"info","timestamp":"2018-09-03T09:17:56.720Z"}
{"message":"Saving new Transaction","transaction":{"fromCurrency":{"base":"EUR","amount":1},"toCurrency":{"base":"IDR","amount":17143.609360215},"fee":{"base":"EUR","amount":2.005},"createdAt":"2018-09-03T09:17:56.209Z","deadlineAt":"2018-09-04T09:17:56.209Z","failedAt":[],"status":"IS_PROCESSED","_id":"5b8cfc4475088709c9a1bcad","name":"Kirim ke Rizki","recipient":"5b8baa7479cf3954e75263c1","combineWithFee":false,"user":"5b8b8a5faab3833b89e971d9"},"level":"info","timestamp":"2018-09-03T09:17:56.730Z"}
{"message":"Creating new transaction: Checking base","from":"1 EUR","to":"IDR","level":"info","timestamp":"2018-09-03T09:18:31.145Z"}
{"message":"Checking if recipient with the id of 5b8baa7479cf3954e75263c1 exists","level":"info","timestamp":"2018-09-03T09:18:31.152Z"}
{"message":"Saving new Transaction","transaction":{"fromCurrency":{"base":"EUR","amount":1},"toCurrency":{"base":"IDR","amount":17143.609360215},"fee":{"base":"EUR","amount":2.005},"createdAt":"2018-09-03T09:18:28.940Z","deadlineAt":"2018-09-04T09:18:28.940Z","failedAt":[],"status":"IS_PROCESSED","_id":"5b8cfc67ed68800a05ea2bb1","name":"Kirim ke Rizki","recipient":"5b8baa7479cf3954e75263c1","combineWithFee":false,"user":"5b8b8a5faab3833b89e971d9"},"level":"info","timestamp":"2018-09-03T09:18:31.162Z"}
{"message":"Creating new transaction: Checking base","from":"1 EUR","to":"IDR","level":"info","timestamp":"2018-09-03T09:20:26.749Z"}
{"message":"Checking if recipient with the id of 5b8baa7479cf3954e75263c1 exists","level":"info","timestamp":"2018-09-03T09:20:26.756Z"}
{"message":"Saving new Transaction","transaction":{"fromCurrency":{"base":"EUR","amount":1},"toCurrency":{"base":"IDR","amount":17143.609360215},"fee":{"base":"EUR","amount":2.005},"createdAt":"2018-09-03T09:20:22.618Z","deadlineAt":"2018-09-04T09:20:22.618Z","failedAt":[],"status":"IS_PROCESSED","_id":"5b8cfcda8e5e2a0a6e4dcdd8","name":"Kirim ke Rizki","recipient":"5b8baa7479cf3954e75263c1","combineWithFee":false,"user":"5b8b8a5faab3833b89e971d9"},"level":"info","timestamp":"2018-09-03T09:20:26.763Z"}
{"message":"Creating new transaction: Checking base","from":"1 EUR","to":"IDR","level":"info","timestamp":"2018-09-03T09:20:46.108Z"}
{"message":"Checking if recipient with the id of 5b8baa7479cf3954e75263c1 exists","level":"info","timestamp":"2018-09-03T09:20:46.115Z"}
{"message":"Saving new Transaction","transaction":{"fromCurrency":{"base":"EUR","amount":1},"toCurrency":{"base":"IDR","amount":17143.609360215},"fee":{"base":"EUR","amount":2.005},"createdAt":"2018-09-03T09:20:44.084Z","deadlineAt":"2018-09-04T09:20:44.084Z","failedAt":[],"status":"IS_PROCESSED","_id":"5b8cfceedaedc50a91325908","name":"Kirim ke Rizki","recipient":"5b8baa7479cf3954e75263c1","combineWithFee":false,"user":"5b8b8a5faab3833b89e971d9"},"level":"info","timestamp":"2018-09-03T09:20:46.126Z"}
{"message":"Creating new transaction: Checking base","from":"1 EUR","to":"IDR","level":"info","timestamp":"2018-09-03T09:37:51.230Z"}
{"message":"Checking if recipient with the id of 5b8baa7479cf3954e75263c1 exists","level":"info","timestamp":"2018-09-03T09:37:51.236Z"}
{"message":"Saving new Transaction","transaction":{"fromCurrency":{"base":"EUR","amount":1},"toCurrency":{"base":"IDR","amount":17143.609360215},"fee":{"base":"EUR","amount":2.005},"createdAt":"2018-09-03T09:37:46.332Z","deadlineAt":"2018-09-04T09:37:46.332Z","failedAt":[],"status":"IS_PROCESSED","_id":"5b8d00ef01ae390d62c643fe","name":"Kirim ke Rizki","recipient":"5b8baa7479cf3954e75263c1","combineWithFee":false,"user":"5b8b8a5faab3833b89e971d9"},"level":"info","timestamp":"2018-09-03T09:37:51.243Z"}
{"message":"Creating new transaction: Checking base","from":"1 EUR","to":"IDR","level":"info","timestamp":"2018-09-03T09:42:45.108Z"}
{"message":"Checking if recipient with the id of 5b8baa7479cf3954e75263c1 exists","level":"info","timestamp":"2018-09-03T09:42:45.115Z"}
{"message":"Saving new Transaction","transaction":{"fromCurrency":{"base":"EUR","amount":1},"toCurrency":{"base":"IDR","amount":17143.609360215},"fee":{"base":"EUR","amount":2.005},"createdAt":"2018-09-03T09:42:40.669Z","deadlineAt":"2018-09-04T09:42:40.669Z","failedAt":[],"status":"IS_PROCESSED","_id":"5b8d0215f5658f0e82bc01eb","name":"Kirim ke Rizki","recipient":"5b8baa7479cf3954e75263c1","combineWithFee":false,"user":"5b8b8a5faab3833b89e971d9"},"level":"info","timestamp":"2018-09-03T09:42:45.121Z"}
{"message":"Creating new transaction: Checking base","from":"1 EUR","to":"IDR","level":"info","timestamp":"2018-09-03T09:43:48.114Z"}
{"message":"Checking if recipient with the id of 5b8baa7479cf3954e75263c1 exists","level":"info","timestamp":"2018-09-03T09:43:48.120Z"}
{"message":"Saving new Transaction","transaction":{"fromCurrency":{"base":"EUR","amount":1},"toCurrency":{"base":"IDR","amount":17143.609360215},"fee":{"base":"EUR","amount":2.005},"createdAt":"2018-09-03T09:43:45.913Z","deadlineAt":"2018-09-04T09:43:45.913Z","failedAt":[],"status":"IS_PROCESSED","_id":"5b8d025423a53e0efca0637a","name":"Kirim ke Rizki","recipient":"5b8baa7479cf3954e75263c1","combineWithFee":false,"user":"5b8b8a5faab3833b89e971d9"},"level":"info","timestamp":"2018-09-03T09:43:48.127Z"}
{"message":"Creating new transaction: Checking base","from":"1 EUR","to":"IDR","level":"info","timestamp":"2018-09-03T09:45:59.826Z"}
{"message":"Checking if recipient with the id of 5b8baa7479cf3954e75263c1 exists","level":"info","timestamp":"2018-09-03T09:45:59.833Z"}
{"message":"Saving new Transaction","transaction":{"fromCurrency":{"base":"EUR","amount":1},"toCurrency":{"base":"IDR","amount":17143.609360215},"fee":{"base":"EUR","amount":2.005},"createdAt":"2018-09-03T09:44:47.095Z","deadlineAt":"2018-09-04T09:44:47.095Z","failedAt":[],"status":"IS_PROCESSED","_id":"5b8d02d7e978370f562aa596","name":"Kirim ke Rizki","recipient":"5b8baa7479cf3954e75263c1","combineWithFee":false,"user":"5b8b8a5faab3833b89e971d9"},"level":"info","timestamp":"2018-09-03T09:45:59.840Z"}
{"message":"Successfully created new transaction","data":{"fromCurrency":{"base":"EUR","amount":1},"toCurrency":{"base":"IDR","amount":17143.609360215},"fee":{"base":"EUR","amount":2.005},"createdAt":"2018-09-03T09:44:47.095Z","deadlineAt":"2018-09-04T09:44:47.095Z","failedAt":[],"status":"IS_PROCESSED","_id":"5b8d02d7e978370f562aa596","name":"Kirim ke Rizki","recipient":"5b8baa7479cf3954e75263c1","combineWithFee":false,"user":"5b8b8a5faab3833b89e971d9","__v":0},"level":"info","timestamp":"2018-09-03T09:45:59.869Z"}
{"message":"Email sent","response":{"accepted":["rizkeyfickr@gmail.com"],"rejected":[],"envelopeTime":603,"messageTime":1083,"messageSize":866,"response":"250 2.0.0 OK 1535967962 j191-v6sm11524527wmb.37 - gsmtp","envelope":{"from":"confirm@vitriz.com","to":["rizkeyfickr@gmail.com"]},"messageId":"<653c0874-b6e5-6ac6-1303-d1870ca1d9e1@vitriz.com>"},"level":"info","timestamp":"2018-09-03T09:46:02.345Z"}
{"message":"Creating new transaction: Checking base","from":"1 EUR","to":"IDR","level":"info","timestamp":"2018-09-03T09:48:08.030Z"}
{"message":"Checking if recipient with the id of 5b8baa7479cf3954e75263c1 exists","level":"info","timestamp":"2018-09-03T09:48:08.036Z"}
{"message":"Saving new Transaction","transaction":{"fromCurrency":{"base":"EUR","amount":1},"toCurrency":{"base":"IDR","amount":17143.609360215},"fee":{"base":"EUR","amount":2.005},"createdAt":"2018-09-03T09:48:02.055Z","deadlineAt":"2018-09-04T09:48:02.055Z","failedAt":[],"status":"IS_PROCESSED","_id":"5b8d03582cf9dd101d6c347b","name":"Kirim ke Rizki","recipient":"5b8baa7479cf3954e75263c1","combineWithFee":false,"user":"5b8b8a5faab3833b89e971d9"},"level":"info","timestamp":"2018-09-03T09:48:08.043Z"}
{"message":"Successfully created new transaction","data":{"fromCurrency":{"base":"EUR","amount":1},"toCurrency":{"base":"IDR","amount":17143.609360215},"fee":{"base":"EUR","amount":2.005},"createdAt":"2018-09-03T09:48:02.055Z","deadlineAt":"2018-09-04T09:48:02.055Z","failedAt":[],"status":"IS_PROCESSED","_id":"5b8d03582cf9dd101d6c347b","name":"Kirim ke Rizki","recipient":"5b8baa7479cf3954e75263c1","combineWithFee":false,"user":"5b8b8a5faab3833b89e971d9","__v":0},"level":"info","timestamp":"2018-09-03T09:48:08.070Z"}
{"message":"Email sent","response":{"accepted":["rizkeyfickr@gmail.com"],"rejected":[],"envelopeTime":179,"messageTime":965,"messageSize":910,"response":"250 2.0.0 OK 1535968089 b74-v6sm13254603wma.8 - gsmtp","envelope":{"from":"confirm@vitriz.com","to":["rizkeyfickr@gmail.com"]},"messageId":"<d37fe8c7-ad07-3d58-05ef-ed29d8d1f20d@vitriz.com>"},"level":"info","timestamp":"2018-09-03T09:48:09.912Z"}
{"message":"Creating new transaction: Checking base","from":"1 EUR","to":"IDR","level":"info","timestamp":"2018-09-03T09:50:12.921Z"}
{"message":"Checking if recipient with the id of 5b8baa7479cf3954e75263c1 exists","level":"info","timestamp":"2018-09-03T09:50:12.927Z"}
{"message":"Saving new Transaction","transaction":{"fromCurrency":{"base":"EUR","amount":1},"toCurrency":{"base":"IDR","amount":17143.609360215},"fee":{"base":"EUR","amount":2.005},"createdAt":"2018-09-03T09:50:10.672Z","deadlineAt":"2018-09-04T09:50:10.672Z","failedAt":[],"status":"IS_PROCESSED","_id":"5b8d03d478606910c8be8883","name":"Kirim ke Rizki","recipient":"5b8baa7479cf3954e75263c1","combineWithFee":false,"user":"5b8b8a5faab3833b89e971d9"},"level":"info","timestamp":"2018-09-03T09:50:12.934Z"}
{"message":"Successfully created new transaction","data":{"fromCurrency":{"base":"EUR","amount":1},"toCurrency":{"base":"IDR","amount":17143.609360215},"fee":{"base":"EUR","amount":2.005},"createdAt":"2018-09-03T09:50:10.672Z","deadlineAt":"2018-09-04T09:50:10.672Z","failedAt":[],"status":"IS_PROCESSED","_id":"5b8d03d478606910c8be8883","name":"Kirim ke Rizki","recipient":"5b8baa7479cf3954e75263c1","combineWithFee":false,"user":"5b8b8a5faab3833b89e971d9","__v":0},"level":"info","timestamp":"2018-09-03T09:50:12.957Z"}
{"message":"Creating new transaction: Checking base","from":"5000000 IDR","to":"EUR","level":"info","timestamp":"2018-09-05T09:31:28.087Z"}
{"message":"Checking if recipient with the id of 5b8baa7479cf3954e75263c1 exists","level":"info","timestamp":"2018-09-05T09:31:28.097Z"}
{"message":"Saving new Transaction","transaction":{"fromCurrency":{"base":"IDR","amount":5000000},"toCurrency":{"base":"EUR","amount":288.6490399555671},"fee":{"base":"IDR","amount":59644.14779117},"createdAt":"2018-09-05T09:30:41.661Z","deadlineAt":"2018-09-06T09:30:41.661Z","failedAt":[],"status":"IS_PROCESSED","_id":"5b8fa2707c85217adc54e1b8","name":"Kirim ke Rizki","recipient":"5b8baa7479cf3954e75263c1","combineWithFee":false,"user":"5b8b8a5faab3833b89e971d9"},"level":"info","timestamp":"2018-09-05T09:31:28.105Z"}
{"message":"Successfully created new transaction","data":{"fromCurrency":{"base":"IDR","amount":5000000},"toCurrency":{"base":"EUR","amount":288.6490399555671},"fee":{"base":"IDR","amount":59644.14779117},"createdAt":"2018-09-05T09:30:41.661Z","deadlineAt":"2018-09-06T09:30:41.661Z","failedAt":[],"status":"IS_PROCESSED","_id":"5b8fa2707c85217adc54e1b8","name":"Kirim ke Rizki","recipient":"5b8baa7479cf3954e75263c1","combineWithFee":false,"user":"5b8b8a5faab3833b89e971d9","__v":0},"level":"info","timestamp":"2018-09-05T09:31:28.129Z"}
{"message":"Email sent","response":{"accepted":["rizkeyfickr@gmail.com"],"rejected":[],"envelopeTime":439,"messageTime":1159,"messageSize":923,"response":"250 2.0.0 OK 1536139890 72-v6sm1240502wrb.48 - gsmtp","envelope":{"from":"confirm@vitriz.com","to":["rizkeyfickr@gmail.com"]},"messageId":"<1797297e-97f9-74ff-3dc4-5f0dc9bad6e7@vitriz.com>"},"level":"info","timestamp":"2018-09-05T09:31:30.765Z"}
{"message":"Rates is up to date","result":[{"rates":{"EUR":1,"IDR":17322.073895585,"USD":1.1569374300000002},"_id":"5b8fa2427c85217adc54e1b7","base":"EUR","createdAt":"2018-09-05T09:30:42.349Z","__v":0}],"level":"info","timestamp":"2018-09-05T09:38:13.281Z"}
{"message":"Rates is up to date","result":[{"rates":{"EUR":1,"IDR":17322.073895585,"USD":1.1569374300000002},"_id":"5b8fa2427c85217adc54e1b7","base":"EUR","createdAt":"2018-09-05T09:30:42.349Z","__v":0}],"level":"info","timestamp":"2018-09-05T09:39:17.631Z"}
{"message":"Rates is up to date","result":[{"rates":{"EUR":1,"IDR":17322.073895585,"USD":1.1569374300000002},"_id":"5b8fa2427c85217adc54e1b7","base":"EUR","createdAt":"2018-09-05T09:30:42.349Z","__v":0}],"level":"info","timestamp":"2018-09-05T10:02:35.911Z"}
{"message":"Rates is up to date","result":[{"rates":{"EUR":1,"IDR":17322.073895585,"USD":1.1569374300000002},"_id":"5b8fa2427c85217adc54e1b7","base":"EUR","createdAt":"2018-09-05T09:30:42.349Z","__v":0}],"level":"info","timestamp":"2018-09-05T10:03:01.995Z"}
{"message":"Calculating Rates","level":"info","timestamp":"2018-09-05T10:03:29.301Z"}
{"message":"Rates is up to date","result":[{"rates":{"EUR":0.97,"IDR":16828.210268827952,"USD":1.1227016728499999},"_id":"5b8fa9f20c394c6329026dd3","base":"EUR","createdAt":"2018-09-05T10:03:30.843Z","__v":0}],"level":"info","timestamp":"2018-09-05T10:03:31.834Z"}
{"message":"Rates is up to date","result":[{"rates":{"EUR":0.97,"IDR":16828.210268827952,"USD":1.1227016728499999},"_id":"5b8fa9f20c394c6329026dd3","base":"EUR","createdAt":"2018-09-05T10:03:30.843Z","__v":0}],"level":"info","timestamp":"2018-09-05T10:04:20.907Z"}
{"message":"Rates is up to date","result":[{"rates":{"EUR":0.97,"IDR":16828.210268827952,"USD":1.1227016728499999},"_id":"5b8fa9f20c394c6329026dd3","base":"EUR","createdAt":"2018-09-05T10:03:30.843Z","__v":0}],"level":"info","timestamp":"2018-09-05T11:48:06.687Z"}
{"message":"Creating new transaction: Checking base","from":"1000000 IDR","to":"EUR","level":"info","timestamp":"2018-09-05T11:49:40.296Z"}
{"message":"Checking if recipient with the id of 5b8baa7479cf3954e75263c1 exists","level":"info","timestamp":"2018-09-05T11:49:40.302Z"}
{"message":"Saving new Transaction","transaction":{"fromCurrency":{"base":"IDR","amount":1000000},"toCurrency":{"base":"EUR","amount":59.42402572972175},"fee":{"base":"IDR","amount":38656.420537655904},"createdAt":"2018-09-05T11:48:06.589Z","deadlineAt":"2018-09-06T11:48:06.589Z","failedAt":[],"status":"IS_PROCESSED","_id":"5b8fc2d4388cd872b58fbc7a","name":"Kirim ke Rizki","recipient":"5b8baa7479cf3954e75263c1","combineWithFee":false,"user":"5b8b8a5faab3833b89e971d9"},"level":"info","timestamp":"2018-09-05T11:49:40.310Z"}
{"message":"Successfully created new transaction","data":{"fromCurrency":{"base":"IDR","amount":1000000},"toCurrency":{"base":"EUR","amount":59.42402572972175},"fee":{"base":"IDR","amount":38656.420537655904},"createdAt":"2018-09-05T11:48:06.589Z","deadlineAt":"2018-09-06T11:48:06.589Z","failedAt":[],"status":"IS_PROCESSED","_id":"5b8fc2d4388cd872b58fbc7a","name":"Kirim ke Rizki","recipient":"5b8baa7479cf3954e75263c1","combineWithFee":false,"user":"5b8b8a5faab3833b89e971d9","__v":0},"level":"info","timestamp":"2018-09-05T11:49:40.342Z"}
{"message":"Email sent","response":{"accepted":["rizkeyfickr@gmail.com"],"rejected":[],"envelopeTime":335,"messageTime":906,"messageSize":922,"response":"250 2.0.0 OK 1536148197 k63-v6sm2158850wmd.46 - gsmtp","envelope":{"from":"confirm@vitriz.com","to":["rizkeyfickr@gmail.com"]},"messageId":"<b4a146f6-4f5b-6a66-22d8-7c4a334c4cdb@vitriz.com>"},"level":"info","timestamp":"2018-09-05T11:49:57.423Z"}
{"message":"Creating new transaction: Checking base","from":"1000000 IDR","to":"EUR","level":"info","timestamp":"2018-09-05T11:50:03.566Z"}
{"message":"Checking if recipient with the id of 5b8baa7479cf3954e75263c1 exists","level":"info","timestamp":"2018-09-05T11:50:03.574Z"}
{"message":"Saving new Transaction","transaction":{"fromCurrency":{"base":"IDR","amount":1000000},"toCurrency":{"base":"EUR","amount":59.42402572972175},"fee":{"base":"IDR","amount":38656.420537655904},"createdAt":"2018-09-05T11:48:06.589Z","deadlineAt":"2018-09-06T11:48:06.589Z","failedAt":[],"status":"IS_PROCESSED","_id":"5b8fc2eb388cd872b58fbc7b","name":"Kirim ke Rizki","recipient":"5b8baa7479cf3954e75263c1","combineWithFee":true,"user":"5b8b8a5faab3833b89e971d9"},"level":"info","timestamp":"2018-09-05T11:50:03.580Z"}
{"message":"Successfully created new transaction","data":{"fromCurrency":{"base":"IDR","amount":1000000},"toCurrency":{"base":"EUR","amount":59.42402572972175},"fee":{"base":"IDR","amount":38656.420537655904},"createdAt":"2018-09-05T11:48:06.589Z","deadlineAt":"2018-09-06T11:48:06.589Z","failedAt":[],"status":"IS_PROCESSED","_id":"5b8fc2eb388cd872b58fbc7b","name":"Kirim ke Rizki","recipient":"5b8baa7479cf3954e75263c1","combineWithFee":true,"user":"5b8b8a5faab3833b89e971d9","__v":0},"level":"info","timestamp":"2018-09-05T11:50:03.594Z"}
{"message":"Email sent","response":{"accepted":["rizkeyfickr@gmail.com"],"rejected":[],"envelopeTime":166,"messageTime":929,"messageSize":922,"response":"250 2.0.0 OK 1536148204 m68-v6sm3558708wmb.10 - gsmtp","envelope":{"from":"confirm@vitriz.com","to":["rizkeyfickr@gmail.com"]},"messageId":"<39e9b3bc-5bb2-4f9f-d933-4ae8d032c328@vitriz.com>"},"level":"info","timestamp":"2018-09-05T11:50:04.979Z"}
{"message":"Rates is up to date","result":[{"rates":{"EUR":0.97,"IDR":16828.210268827952,"USD":1.1227016728499999},"_id":"5b8fa9f20c394c6329026dd3","base":"EUR","createdAt":"2018-09-05T10:03:30.843Z","__v":0}],"level":"info","timestamp":"2018-09-05T12:05:39.773Z"}
{"message":"Rates is up to date","result":[{"rates":{"EUR":0.97,"IDR":16828.210268827952,"USD":1.1227016728499999},"_id":"5b8fa9f20c394c6329026dd3","base":"EUR","createdAt":"2018-09-05T10:03:30.843Z","__v":0}],"level":"info","timestamp":"2018-09-05T12:05:47.479Z"}
{"message":"Rates is up to date","result":[{"rates":{"EUR":0.97,"IDR":16828.210268827952,"USD":1.1227016728499999},"_id":"5b8fa9f20c394c6329026dd3","base":"EUR","createdAt":"2018-09-05T10:03:30.843Z","__v":0}],"level":"info","timestamp":"2018-09-05T12:07:49.440Z"}
{"message":"Rates is up to date","result":[{"rates":{"EUR":0.97,"IDR":16828.210268827952,"USD":1.1227016728499999},"_id":"5b8fa9f20c394c6329026dd3","base":"EUR","createdAt":"2018-09-05T10:03:30.843Z","__v":0}],"level":"info","timestamp":"2018-09-05T12:15:24.575Z"}
{"message":"Calculating Rates","level":"info","timestamp":"2018-09-05T12:15:47.815Z"}
{"message":"Rates is up to date","result":[{"rates":{"EUR":0.975,"IDR":16899.700077599624,"USD":1.12899141225},"_id":"5b8fc8f5bacc75795e7ea955","base":"EUR","createdAt":"2018-09-05T12:15:49.317Z","__v":0}],"level":"info","timestamp":"2018-09-05T12:15:50.363Z"}
{"message":"Rates is up to date","result":[{"rates":{"EUR":0.975,"IDR":16899.700077599624,"USD":1.12899141225},"_id":"5b8fc8f5bacc75795e7ea955","base":"EUR","createdAt":"2018-09-05T12:15:49.317Z","__v":0}],"level":"info","timestamp":"2018-09-05T12:15:59.652Z"}
{"message":"Calculating Rates","level":"info","timestamp":"2018-09-05T12:16:16.519Z"}
{"message":"Rates is up to date","result":[{"rates":{"EUR":0.98,"IDR":16986.2490324408,"USD":1.1347785981},"_id":"5b8fc91022643a799944c3bc","base":"EUR","createdAt":"2018-09-05T12:16:16.985Z","__v":0}],"level":"info","timestamp":"2018-09-05T12:16:19.061Z"}
{"message":"Rates is up to date","result":[{"rates":{"EUR":0.98,"IDR":16986.2490324408,"USD":1.1347785981},"_id":"5b8fc91022643a799944c3bc","base":"EUR","createdAt":"2018-09-05T12:16:16.985Z","__v":0}],"level":"info","timestamp":"2018-09-05T12:18:03.586Z"}
{"message":"Calculating Rates","level":"info","timestamp":"2018-09-05T12:18:24.350Z"}
{"message":"Rates is up to date","result":[{"rates":{"EUR":0.99,"IDR":17159.5781042004,"USD":1.14635797155},"_id":"5b8fc990d1409f7a58dae9f4","base":"EUR","createdAt":"2018-09-05T12:18:24.813Z","__v":0}],"level":"info","timestamp":"2018-09-05T12:18:26.882Z"}
{"message":"Rates is up to date","result":[{"rates":{"EUR":0.99,"IDR":17159.5781042004,"USD":1.14635797155},"_id":"5b8fc990d1409f7a58dae9f4","base":"EUR","createdAt":"2018-09-05T12:18:24.813Z","__v":0}],"level":"info","timestamp":"2018-09-05T12:19:05.472Z"}
{"message":"Rates is up to date","result":[{"rates":{"EUR":0.99,"IDR":17159.5781042004,"USD":1.14635797155},"_id":"5b8fc990d1409f7a58dae9f4","base":"EUR","createdAt":"2018-09-05T12:18:24.813Z","__v":0}],"level":"info","timestamp":"2018-09-05T12:28:11.212Z"}
{"message":"Rates is up to date","result":[{"rates":{"EUR":0.99,"IDR":17159.5781042004,"USD":1.14635797155},"_id":"5b8fc990d1409f7a58dae9f4","base":"EUR","createdAt":"2018-09-05T12:18:24.813Z","__v":0}],"level":"info","timestamp":"2018-09-05T12:29:17.117Z"}
{"message":"Rates is up to date","result":[{"rates":{"EUR":0.99,"IDR":17159.5781042004,"USD":1.14635797155},"_id":"5b8fc990d1409f7a58dae9f4","base":"EUR","createdAt":"2018-09-05T12:18:24.813Z","__v":0}],"level":"info","timestamp":"2018-09-05T12:29:51.368Z"}
{"message":"Rates is up to date","result":[{"rates":{"EUR":0.99,"IDR":17159.5781042004,"USD":1.14635797155},"_id":"5b8fc990d1409f7a58dae9f4","base":"EUR","createdAt":"2018-09-05T12:18:24.813Z","__v":0}],"level":"info","timestamp":"2018-09-05T12:30:10.451Z"}
{"message":"Rates is up to date","result":[{"rates":{"EUR":0.99,"IDR":17159.5781042004,"USD":1.14635797155},"_id":"5b8fc990d1409f7a58dae9f4","base":"EUR","createdAt":"2018-09-05T12:18:24.813Z","__v":0}],"level":"info","timestamp":"2018-09-05T14:13:02.863Z"}
{"message":"Calculating Rates","level":"info","timestamp":"2018-09-06T08:11:06.888Z"}
{"message":"Rates is up to date","result":[{"rates":{"EUR":0.98,"IDR":17009.572983725004,"USD":1.1384409316},"_id":"5b90e11d6e48cd33567c2bf0","base":"EUR","createdAt":"2018-09-06T08:11:09.305Z","__v":0}],"level":"info","timestamp":"2018-09-06T08:11:09.420Z"}
{"message":"Cannot save user","err":{"errors":{"address.province":{"message":"Path `address.province` is required.","name":"ValidatorError","properties":{"message":"Path `address.province` is required.","type":"required","path":"address.province"},"kind":"required","path":"address.province","$isValidatorError":true},"address.city":{"message":"Path `address.city` is required.","name":"ValidatorError","properties":{"message":"Path `address.city` is required.","type":"required","path":"address.city"},"kind":"required","path":"address.city","$isValidatorError":true},"address.houseNumber":{"message":"Path `address.houseNumber` is required.","name":"ValidatorError","properties":{"message":"Path `address.houseNumber` is required.","type":"required","path":"address.houseNumber"},"kind":"required","path":"address.houseNumber","$isValidatorError":true},"address.street":{"message":"Path `address.street` is required.","name":"ValidatorError","properties":{"message":"Path `address.street` is required.","type":"required","path":"address.street"},"kind":"required","path":"address.street","$isValidatorError":true},"address.postcode":{"message":"Path `address.postcode` is required.","name":"ValidatorError","properties":{"message":"Path `address.postcode` is required.","type":"required","path":"address.postcode"},"kind":"required","path":"address.postcode","$isValidatorError":true},"address.country":{"message":"Path `address.country` is required.","name":"ValidatorError","properties":{"message":"Path `address.country` is required.","type":"required","path":"address.country"},"kind":"required","path":"address.country","$isValidatorError":true}},"_message":"User validation failed","message":"User validation failed: address.province: Path `address.province` is required., address.city: Path `address.city` is required., address.houseNumber: Path `address.houseNumber` is required., address.street: Path `address.street` is required., address.postcode: Path `address.postcode` is required., address.country: Path `address.country` is required.","name":"ValidationError"},"level":"error","timestamp":"2018-09-06T08:12:12.044Z"}
{"message":"Cannot save user","err":{"errors":{"address.province":{"message":"Path `address.province` is required.","name":"ValidatorError","properties":{"message":"Path `address.province` is required.","type":"required","path":"address.province"},"kind":"required","path":"address.province","$isValidatorError":true},"address.city":{"message":"Path `address.city` is required.","name":"ValidatorError","properties":{"message":"Path `address.city` is required.","type":"required","path":"address.city"},"kind":"required","path":"address.city","$isValidatorError":true},"address.houseNumber":{"message":"Path `address.houseNumber` is required.","name":"ValidatorError","properties":{"message":"Path `address.houseNumber` is required.","type":"required","path":"address.houseNumber"},"kind":"required","path":"address.houseNumber","$isValidatorError":true},"address.street":{"message":"Path `address.street` is required.","name":"ValidatorError","properties":{"message":"Path `address.street` is required.","type":"required","path":"address.street"},"kind":"required","path":"address.street","$isValidatorError":true},"address.postcode":{"message":"Path `address.postcode` is required.","name":"ValidatorError","properties":{"message":"Path `address.postcode` is required.","type":"required","path":"address.postcode"},"kind":"required","path":"address.postcode","$isValidatorError":true},"address.country":{"message":"Path `address.country` is required.","name":"ValidatorError","properties":{"message":"Path `address.country` is required.","type":"required","path":"address.country"},"kind":"required","path":"address.country","$isValidatorError":true}},"_message":"User validation failed","message":"User validation failed: address.province: Path `address.province` is required., address.city: Path `address.city` is required., address.houseNumber: Path `address.houseNumber` is required., address.street: Path `address.street` is required., address.postcode: Path `address.postcode` is required., address.country: Path `address.country` is required.","name":"ValidationError"},"level":"error","timestamp":"2018-09-06T08:13:50.814Z"}
{"message":"Rates is up to date","result":[{"rates":{"EUR":0.98,"IDR":17009.572983725004,"USD":1.1384409316},"_id":"5b90e11d6e48cd33567c2bf0","base":"EUR","createdAt":"2018-09-06T08:11:09.305Z","__v":0}],"level":"info","timestamp":"2018-09-06T08:17:18.370Z"}
{"message":"Cannot save user","err":{"errors":{"address.postcode":{"message":"Invalid locale 'undefined'","name":"ValidatorError","properties":{"message":"Invalid locale 'undefined'","type":"user defined","path":"address.postcode","value":"40513","reason":{}},"kind":"user defined","path":"address.postcode","value":"40513","reason":{},"$isValidatorError":true}},"_message":"User validation failed","message":"User validation failed: address.postcode: Invalid locale 'undefined'","name":"ValidationError"},"level":"error","timestamp":"2018-09-06T08:17:20.359Z"}
{"message":"Rates is up to date","result":[{"rates":{"EUR":0.98,"IDR":17009.572983725004,"USD":1.1384409316},"_id":"5b90e11d6e48cd33567c2bf0","base":"EUR","createdAt":"2018-09-06T08:11:09.305Z","__v":0}],"level":"info","timestamp":"2018-09-06T08:26:49.636Z"}
{"message":"Rates is up to date","result":[{"rates":{"EUR":0.98,"IDR":17009.572983725004,"USD":1.1384409316},"_id":"5b90e11d6e48cd33567c2bf0","base":"EUR","createdAt":"2018-09-06T08:11:09.305Z","__v":0}],"level":"info","timestamp":"2018-09-06T08:30:33.553Z"}
{"message":"Rates is up to date","result":[{"rates":{"EUR":0.98,"IDR":17009.572983725004,"USD":1.1384409316},"_id":"5b90e11d6e48cd33567c2bf0","base":"EUR","createdAt":"2018-09-06T08:11:09.305Z","__v":0}],"level":"info","timestamp":"2018-09-06T08:37:50.824Z"}
{"message":"Rates is up to date","result":[{"rates":{"EUR":0.98,"IDR":17009.572983725004,"USD":1.1384409316},"_id":"5b90e11d6e48cd33567c2bf0","base":"EUR","createdAt":"2018-09-06T08:11:09.305Z","__v":0}],"level":"info","timestamp":"2018-09-06T08:38:27.227Z"}
{"message":"Rates is up to date","result":[{"rates":{"EUR":0.98,"IDR":17009.572983725004,"USD":1.1384409316},"_id":"5b90e11d6e48cd33567c2bf0","base":"EUR","createdAt":"2018-09-06T08:11:09.305Z","__v":0}],"level":"info","timestamp":"2018-09-06T08:41:10.078Z"}
{"message":"Rates is up to date","result":[{"rates":{"EUR":0.98,"IDR":17009.572983725004,"USD":1.1384409316},"_id":"5b90e11d6e48cd33567c2bf0","base":"EUR","createdAt":"2018-09-06T08:11:09.305Z","__v":0}],"level":"info","timestamp":"2018-09-06T08:41:27.236Z"}
{"message":"Rates is up to date","result":[{"rates":{"EUR":0.98,"IDR":17009.572983725004,"USD":1.1384409316},"_id":"5b90e11d6e48cd33567c2bf0","base":"EUR","createdAt":"2018-09-06T08:11:09.305Z","__v":0}],"level":"info","timestamp":"2018-09-06T08:43:13.577Z"}
{"message":"Rates is up to date","result":[{"rates":{"EUR":0.98,"IDR":17009.572983725004,"USD":1.1384409316},"_id":"5b90e11d6e48cd33567c2bf0","base":"EUR","createdAt":"2018-09-06T08:11:09.305Z","__v":0}],"level":"info","timestamp":"2018-09-06T08:43:33.593Z"}
{"message":"Rates is up to date","result":[{"rates":{"EUR":0.98,"IDR":17009.572983725004,"USD":1.1384409316},"_id":"5b90e11d6e48cd33567c2bf0","base":"EUR","createdAt":"2018-09-06T08:11:09.305Z","__v":0}],"level":"info","timestamp":"2018-09-06T08:44:35.889Z"}
{"message":"Get profile of rizkeyfickr@gmail.com","level":"info","timestamp":"2018-09-06T08:44:47.571Z"}
{"message":"Rates is up to date","result":[{"rates":{"EUR":0.98,"IDR":17009.572983725004,"USD":1.1384409316},"_id":"5b90e11d6e48cd33567c2bf0","base":"EUR","createdAt":"2018-09-06T08:11:09.305Z","__v":0}],"level":"info","timestamp":"2018-09-06T08:45:57.226Z"}
{"message":"Get profile of rizkeyfickr@gmail.com","level":"info","timestamp":"2018-09-06T08:46:01.205Z"}
{"message":"Rates is up to date","result":[{"rates":{"EUR":0.98,"IDR":17009.572983725004,"USD":1.1384409316},"_id":"5b90e11d6e48cd33567c2bf0","base":"EUR","createdAt":"2018-09-06T08:11:09.305Z","__v":0}],"level":"info","timestamp":"2018-09-06T08:46:43.503Z"}
{"message":"Get profile of rizkeyfickr@gmail.com","level":"info","timestamp":"2018-09-06T08:46:51.788Z"}
{"message":"Rates is up to date","result":[{"rates":{"EUR":0.98,"IDR":17009.572983725004,"USD":1.1384409316},"_id":"5b90e11d6e48cd33567c2bf0","base":"EUR","createdAt":"2018-09-06T08:11:09.305Z","__v":0}],"level":"info","timestamp":"2018-09-06T08:47:20.211Z"}
{"message":"Get profile of rizkeyfickr@gmail.com","level":"info","timestamp":"2018-09-06T08:47:22.345Z"}
{"message":"Rates is up to date","result":[{"rates":{"EUR":0.98,"IDR":17009.572983725004,"USD":1.1384409316},"_id":"5b90e11d6e48cd33567c2bf0","base":"EUR","createdAt":"2018-09-06T08:11:09.305Z","__v":0}],"level":"info","timestamp":"2018-09-06T08:47:35.141Z"}
{"message":"Get profile of rizkeyfickr@gmail.com","level":"info","timestamp":"2018-09-06T08:47:52.059Z"}
{"message":"Rates is up to date","result":[{"rates":{"EUR":0.98,"IDR":17009.572983725004,"USD":1.1384409316},"_id":"5b90e11d6e48cd33567c2bf0","base":"EUR","createdAt":"2018-09-06T08:11:09.305Z","__v":0}],"level":"info","timestamp":"2018-09-06T08:49:07.929Z"}
{"message":"Get profile of rizkeyfickr@gmail.com","level":"info","timestamp":"2018-09-06T08:49:24.397Z"}
{"message":"Rates is up to date","result":[{"rates":{"EUR":0.98,"IDR":17009.572983725004,"USD":1.1384409316},"_id":"5b90e11d6e48cd33567c2bf0","base":"EUR","createdAt":"2018-09-06T08:11:09.305Z","__v":0}],"level":"info","timestamp":"2018-09-06T08:50:41.413Z"}
{"message":"Cannot save user","err":{"name":"MongoError","message":"E11000 duplicate key error collection: transferRatesTest.users index: username_1 dup key: { : null }","driver":true,"index":0,"code":11000,"errmsg":"E11000 duplicate key error collection: transferRatesTest.users index: username_1 dup key: { : null }"},"level":"error","timestamp":"2018-09-06T08:50:46.743Z"}
{"message":"Rates is up to date","result":[{"rates":{"EUR":0.98,"IDR":17009.572983725004,"USD":1.1384409316},"_id":"5b90e11d6e48cd33567c2bf0","base":"EUR","createdAt":"2018-09-06T08:11:09.305Z","__v":0}],"level":"info","timestamp":"2018-09-06T08:53:13.099Z"}
{"message":"Successfully create new user","savedUser":{"_id":"5b90eb04c2984b3a3eeccc92","firstName":"Vitri","lastName":"Indriyani","dateOfBirth":"1989-07-10T00:00:00.000Z","email":"vitriindria@gmail.com","address":{"province":"Jawa Barat","city":"Bandung","street":"Jl Pesantren","houseNumber":"R 18","postcode":"40513","country":"Indonesia"},"bankAccount":[],"recipients":[],"transactions":[],"status":"IS_INACTIVE","createdAt":"2018-09-06T08:53:12.914Z"},"level":"info","timestamp":"2018-09-06T08:53:25.012Z"}
{"message":"vitriindria@gmail.com requests confirmation","level":"info","timestamp":"2018-09-06T08:55:06.068Z"}
{"message":"Email sent","response":{"receiver":"vitriindria@gmail.com"},"level":"info","timestamp":"2018-09-06T08:55:06.079Z"}
{"message":"User is confirmed","user":{"email":"vitriindria@gmail.com","status":"IS_ACTIVE"},"level":"info","timestamp":"2018-09-06T08:56:28.066Z"}
{"message":"vitriindria@gmail.com is logging in","level":"info","timestamp":"2018-09-06T08:56:41.983Z"}
{"message":"successfully get all the recipients","data":[{"bankAccount":{"name":"Deutsche Bank","accountNumber":"1234y559u0ji15","IBAN":"asg9uw9et0u2-30ut","BLZ":"320-08320u"},"_id":"5b7d37232ddec705b8fe72cd","name":"Muhammad Rizki Fikriansyah","country":"Germany","__v":0},{"bankAccount":{"name":"Bank Central Asia","accountNumber":"237135031985"},"_id":"5b7e85d393ccd7505be0d5f3","name":"Muhammad Rizki Fikriansyah","country":"Indonesia","__v":0},{"bankAccount":{"name":"Bank Central Asia","accountNumber":"237135031985"},"_id":"5b8baa23db734d5422901142","name":"Muhammad Rizki Fikriansyah","country":"Indonesia","__v":0},{"bankAccount":{"name":"Bank Central Asia","accountNumber":"237135031985"},"_id":"5b8baa4485a5ee5485d17c34","name":"Muhammad Rizki Fikriansyah","country":"Indonesia","__v":0}],"level":"info","timestamp":"2018-09-06T08:57:21.395Z"}
{"message":"Recipient not found","level":"error","timestamp":"2018-09-06T08:57:48.771Z"}
{"message":"Creating new transaction: Checking base","from":"2500000 IDR","to":"EUR","level":"info","timestamp":"2018-09-06T08:58:17.165Z"}
{"message":"Checking if recipient with the id of 5b7e85d393ccd7505be6d5f3 exists","level":"info","timestamp":"2018-09-06T08:58:17.173Z"}
{"message":"Recipient not found","level":"error","timestamp":"2018-09-06T08:58:17.177Z"}
{"message":"Connection to the database cannot be established","err":{"errors":{"isUserBankAccount":{"message":"Path `isUserBankAccount` is required.","name":"ValidatorError","properties":{"message":"Path `isUserBankAccount` is required.","type":"required","path":"isUserBankAccount"},"kind":"required","path":"isUserBankAccount","$isValidatorError":true},"user":{"message":"Path `user` is required.","name":"ValidatorError","properties":{"message":"Path `user` is required.","type":"required","path":"user"},"kind":"required","path":"user","$isValidatorError":true}},"_message":"Recipient validation failed","message":"Recipient validation failed: isUserBankAccount: Path `isUserBankAccount` is required., user: Path `user` is required.","name":"ValidationError"},"level":"error","timestamp":"2018-09-06T08:59:28.078Z"}
{"message":"Rates is up to date","result":[{"rates":{"EUR":0.98,"IDR":17009.572983725004,"USD":1.1384409316},"_id":"5b90e11d6e48cd33567c2bf0","base":"EUR","createdAt":"2018-09-06T08:11:09.305Z","__v":0}],"level":"info","timestamp":"2018-09-06T08:59:55.988Z"}
{"message":"Rates is up to date","result":[{"rates":{"EUR":0.98,"IDR":17009.572983725004,"USD":1.1384409316},"_id":"5b90e11d6e48cd33567c2bf0","base":"EUR","createdAt":"2018-09-06T08:11:09.305Z","__v":0}],"level":"info","timestamp":"2018-09-06T09:00:14.517Z"}
{"message":"Connection to the database cannot be established","err":{"errors":{"user":{"message":"Path `user` is required.","name":"ValidatorError","properties":{"message":"Path `user` is required.","type":"required","path":"user"},"kind":"required","path":"user","$isValidatorError":true}},"_message":"Recipient validation failed","message":"Recipient validation failed: user: Path `user` is required.","name":"ValidationError"},"level":"error","timestamp":"2018-09-06T09:00:24.122Z"}
{"message":"Rates is up to date","result":[{"rates":{"EUR":0.98,"IDR":17009.572983725004,"USD":1.1384409316},"_id":"5b90e11d6e48cd33567c2bf0","base":"EUR","createdAt":"2018-09-06T08:11:09.305Z","__v":0}],"level":"info","timestamp":"2018-09-06T09:01:07.867Z"}
{"message":"Connection to the database cannot be established","err":{"errors":{"user":{"message":"Path `user` is required.","name":"ValidatorError","properties":{"message":"Path `user` is required.","type":"required","path":"user"},"kind":"required","path":"user","$isValidatorError":true}},"_message":"Recipient validation failed","message":"Recipient validation failed: user: Path `user` is required.","name":"ValidationError"},"level":"error","timestamp":"2018-09-06T09:01:13.922Z"}
{"message":"Rates is up to date","result":[{"rates":{"EUR":0.98,"IDR":17009.572983725004,"USD":1.1384409316},"_id":"5b90e11d6e48cd33567c2bf0","base":"EUR","createdAt":"2018-09-06T08:11:09.305Z","__v":0}],"level":"info","timestamp":"2018-09-06T09:01:41.336Z"}
{"message":"Connection to the database cannot be established","err":{"errors":{"user":{"message":"Path `user` is required.","name":"ValidatorError","properties":{"message":"Path `user` is required.","type":"required","path":"user"},"kind":"required","path":"user","$isValidatorError":true}},"_message":"Recipient validation failed","message":"Recipient validation failed: user: Path `user` is required.","name":"ValidationError"},"level":"error","timestamp":"2018-09-06T09:01:43.530Z"}
{"message":"Rates is up to date","result":[{"rates":{"EUR":0.98,"IDR":17009.572983725004,"USD":1.1384409316},"_id":"5b90e11d6e48cd33567c2bf0","base":"EUR","createdAt":"2018-09-06T08:11:09.305Z","__v":0}],"level":"info","timestamp":"2018-09-06T09:02:41.031Z"}
{"message":"Rates is up to date","result":[{"rates":{"EUR":0.98,"IDR":17009.572983725004,"USD":1.1384409316},"_id":"5b90e11d6e48cd33567c2bf0","base":"EUR","createdAt":"2018-09-06T08:11:09.305Z","__v":0}],"level":"info","timestamp":"2018-09-06T09:02:47.434Z"}
{"message":"Recipient is created successfully","data":{"bankAccount":{"name":"Deutsche Bank","accountNumber":"237135031985"},"_id":"5b90ed38c585633c896e0914","name":"Muhammad Rizki Fikriansyah","country":"Jerman","user":"5b90eb04c2984b3a3eeccc92","__v":0},"level":"info","timestamp":"2018-09-06T09:02:48.788Z"}
{"message":"Creating new transaction: Checking base","from":"5000000 IDR","to":"EUR","level":"info","timestamp":"2018-09-06T09:03:10.144Z"}
{"message":"Checking if recipient with the id of 5b90ed38c585633c896e0914 exists","level":"info","timestamp":"2018-09-06T09:03:10.151Z"}
{"message":"Saving new Transaction","transaction":{"fromCurrency":{"base":"IDR","amount":5000000},"toCurrency":{"base":"EUR","amount":293.95211771536356},"fee":{"base":"IDR","amount":81028.71895117502},"createdAt":"2018-09-06T09:02:47.336Z","deadlineAt":"2018-09-07T09:02:47.336Z","failedAt":[],"status":"IS_PROCESSED","_id":"5b90ed4ec585633c896e0915","name":"Kirim ke Rizki","recipient":"5b90ed38c585633c896e0914","combineWithFee":false,"user":"5b90eb04c2984b3a3eeccc92"},"level":"info","timestamp":"2018-09-06T09:03:10.156Z"}
{"message":"Successfully created new transaction","data":{"fromCurrency":{"base":"IDR","amount":5000000},"toCurrency":{"base":"EUR","amount":293.95211771536356},"fee":{"base":"IDR","amount":81028.71895117502},"createdAt":"2018-09-06T09:02:47.336Z","deadlineAt":"2018-09-07T09:02:47.336Z","failedAt":[],"status":"IS_PROCESSED","_id":"5b90ed4ec585633c896e0915","name":"Kirim ke Rizki","recipient":"5b90ed38c585633c896e0914","combineWithFee":false,"user":"5b90eb04c2984b3a3eeccc92","__v":0},"level":"info","timestamp":"2018-09-06T09:03:10.171Z"}
{"message":"Email sent","response":{"accepted":["vitriindria@gmail.com"],"rejected":[],"envelopeTime":195,"messageTime":1244,"messageSize":916,"response":"250 2.0.0 OK 1536224594 w15-v6sm5660553wrs.8 - gsmtp","envelope":{"from":"confirm@vitriz.com","to":["vitriindria@gmail.com"]},"messageId":"<17860db4-d1af-3bc6-4788-c00c79742520@vitriz.com>"},"level":"info","timestamp":"2018-09-06T09:03:14.423Z"}
{"message":"Rates is up to date","result":[{"rates":{"EUR":0.98,"IDR":17009.572983725004,"USD":1.1384409316},"_id":"5b90e11d6e48cd33567c2bf0","base":"EUR","createdAt":"2018-09-06T08:11:09.305Z","__v":0}],"level":"info","timestamp":"2018-09-06T09:03:48.524Z"}
{"message":"Rates is up to date","result":[{"rates":{"EUR":0.98,"IDR":17009.572983725004,"USD":1.1384409316},"_id":"5b90e11d6e48cd33567c2bf0","base":"EUR","createdAt":"2018-09-06T08:11:09.305Z","__v":0}],"level":"info","timestamp":"2018-09-06T09:44:05.723Z"}
{"message":"Rates is up to date","result":[{"rates":{"EUR":0.98,"IDR":17009.572983725004,"USD":1.1384409316},"_id":"5b90e11d6e48cd33567c2bf0","base":"EUR","createdAt":"2018-09-06T08:11:09.305Z","__v":0}],"level":"info","timestamp":"2018-09-06T09:46:31.081Z"}
{"message":"Calculating Rates","level":"info","timestamp":"2018-09-06T09:46:42.940Z"}
{"message":"Rates is up to date","result":[{"rates":{"EUR":1,"IDR":17334.51186056,"USD":1.162548315},"_id":"5b90f78337e839415236c16f","base":"EUR","createdAt":"2018-09-06T09:46:43.432Z","__v":0}],"level":"info","timestamp":"2018-09-06T09:46:45.490Z"}
{"message":"Rates is up to date","result":[{"rates":{"EUR":1,"IDR":17334.51186056,"USD":1.162548315},"_id":"5b90f78337e839415236c16f","base":"EUR","createdAt":"2018-09-06T09:46:43.432Z","__v":0}],"level":"info","timestamp":"2018-09-06T09:48:39.625Z"}
{"message":"Rates is up to date","result":[{"rates":{"EUR":1,"IDR":17334.51186056,"USD":1.162548315},"_id":"5b90f78337e839415236c16f","base":"EUR","createdAt":"2018-09-06T09:46:43.432Z","__v":0}],"level":"info","timestamp":"2018-09-06T09:49:17.499Z"}
{"message":"Rates is up to date","result":[{"rates":{"EUR":1,"IDR":17334.51186056,"USD":1.162548315},"_id":"5b90f78337e839415236c16f","base":"EUR","createdAt":"2018-09-06T09:46:43.432Z","__v":0}],"level":"info","timestamp":"2018-09-06T09:50:59.397Z"}
{"message":"Rates is up to date","result":[{"rates":{"EUR":1,"IDR":17334.51186056,"USD":1.162548315},"_id":"5b90f78337e839415236c16f","base":"EUR","createdAt":"2018-09-06T09:46:43.432Z","__v":0}],"level":"info","timestamp":"2018-09-06T09:51:57.988Z"}
{"message":"Rates is up to date","result":[{"rates":{"EUR":1,"IDR":17334.51186056,"USD":1.162548315},"_id":"5b90f78337e839415236c16f","base":"EUR","createdAt":"2018-09-06T09:46:43.432Z","__v":0}],"level":"info","timestamp":"2018-09-06T09:52:31.157Z"}
{"message":"Rates is up to date","result":[{"rates":{"EUR":1,"IDR":17334.51186056,"USD":1.162548315},"_id":"5b90f78337e839415236c16f","base":"EUR","createdAt":"2018-09-06T09:46:43.432Z","__v":0}],"level":"info","timestamp":"2018-09-06T09:52:41.939Z"}
{"message":"Rates is up to date","result":[{"rates":{"EUR":1,"IDR":17334.51186056,"USD":1.162548315},"_id":"5b90f78337e839415236c16f","base":"EUR","createdAt":"2018-09-06T09:46:43.432Z","__v":0}],"level":"info","timestamp":"2018-09-06T09:53:03.773Z"}
{"message":"Rates is up to date","result":[{"rates":{"EUR":1,"IDR":17334.51186056,"USD":1.162548315},"_id":"5b90f78337e839415236c16f","base":"EUR","createdAt":"2018-09-06T09:46:43.432Z","__v":0}],"level":"info","timestamp":"2018-09-06T09:53:58.561Z"}
{"message":"Rates is up to date","result":[{"rates":{"EUR":1,"IDR":17334.51186056,"USD":1.162548315},"_id":"5b90f78337e839415236c16f","base":"EUR","createdAt":"2018-09-06T09:46:43.432Z","__v":0}],"level":"info","timestamp":"2018-09-06T09:54:54.653Z"}
{"message":"Rates is up to date","result":[{"rates":{"EUR":1,"IDR":17334.51186056,"USD":1.162548315},"_id":"5b90f78337e839415236c16f","base":"EUR","createdAt":"2018-09-06T09:46:43.432Z","__v":0}],"level":"info","timestamp":"2018-09-06T09:57:05.767Z"}
{"message":"Rates is up to date","result":[{"rates":{"EUR":1,"IDR":17334.51186056,"USD":1.162548315},"_id":"5b90f78337e839415236c16f","base":"EUR","createdAt":"2018-09-06T09:46:43.432Z","__v":0}],"level":"info","timestamp":"2018-09-06T09:58:41.599Z"}
{"message":"Rates is up to date","result":[{"rates":{"EUR":1,"IDR":17334.51186056,"USD":1.162548315},"_id":"5b90f78337e839415236c16f","base":"EUR","createdAt":"2018-09-06T09:46:43.432Z","__v":0}],"level":"info","timestamp":"2018-09-06T09:58:51.683Z"}
{"message":"Rates is up to date","result":[{"rates":{"EUR":1,"IDR":17334.51186056,"USD":1.162548315},"_id":"5b90f78337e839415236c16f","base":"EUR","createdAt":"2018-09-06T09:46:43.432Z","__v":0}],"level":"info","timestamp":"2018-09-06T10:04:50.356Z"}
{"message":"Rates is up to date","result":[{"rates":{"EUR":1,"IDR":17334.51186056,"USD":1.162548315},"_id":"5b90f78337e839415236c16f","base":"EUR","createdAt":"2018-09-06T09:46:43.432Z","__v":0}],"level":"info","timestamp":"2018-09-06T10:05:16.272Z"}
{"message":"Rates is up to date","result":[{"rates":{"EUR":1,"IDR":17334.51186056,"USD":1.162548315},"_id":"5b90f78337e839415236c16f","base":"EUR","createdAt":"2018-09-06T09:46:43.432Z","__v":0}],"level":"info","timestamp":"2018-09-06T10:05:42.273Z"}
{"message":"Rates is up to date","result":[{"rates":{"EUR":1,"IDR":17334.51186056,"USD":1.162548315},"_id":"5b90f78337e839415236c16f","base":"EUR","createdAt":"2018-09-06T09:46:43.432Z","__v":0}],"level":"info","timestamp":"2018-09-06T10:13:00.209Z"}
{"message":"Rates is up to date","result":[{"rates":{"EUR":1,"IDR":17334.51186056,"USD":1.162548315},"_id":"5b90f78337e839415236c16f","base":"EUR","createdAt":"2018-09-06T09:46:43.432Z","__v":0}],"level":"info","timestamp":"2018-09-06T10:14:24.958Z"}
{"message":"Rates is up to date","result":[{"rates":{"EUR":1,"IDR":17334.51186056,"USD":1.162548315},"_id":"5b90f78337e839415236c16f","base":"EUR","createdAt":"2018-09-06T09:46:43.432Z","__v":0}],"level":"info","timestamp":"2018-09-06T10:14:31.529Z"}
{"message":"Rates is up to date","result":[{"rates":{"EUR":1,"IDR":17334.51186056,"USD":1.162548315},"_id":"5b90f78337e839415236c16f","base":"EUR","createdAt":"2018-09-06T09:46:43.432Z","__v":0}],"level":"info","timestamp":"2018-09-06T10:17:18.728Z"}
{"message":"Rates is up to date","result":[{"rates":{"EUR":1,"IDR":17334.51186056,"USD":1.162548315},"_id":"5b90f78337e839415236c16f","base":"EUR","createdAt":"2018-09-06T09:46:43.432Z","__v":0}],"level":"info","timestamp":"2018-09-06T10:18:58.741Z"}
{"message":"Rates is up to date","result":[{"rates":{"EUR":1,"IDR":17334.51186056,"USD":1.162548315},"_id":"5b90f78337e839415236c16f","base":"EUR","createdAt":"2018-09-06T09:46:43.432Z","__v":0}],"level":"info","timestamp":"2018-09-06T10:20:00.461Z"}
{"message":"Rates is up to date","result":[{"rates":{"EUR":1,"IDR":17334.51186056,"USD":1.162548315},"_id":"5b90f78337e839415236c16f","base":"EUR","createdAt":"2018-09-06T09:46:43.432Z","__v":0}],"level":"info","timestamp":"2018-09-06T10:22:40.049Z"}
{"message":"Rates is up to date","result":[{"rates":{"EUR":1,"IDR":17334.51186056,"USD":1.162548315},"_id":"5b90f78337e839415236c16f","base":"EUR","createdAt":"2018-09-06T09:46:43.432Z","__v":0}],"level":"info","timestamp":"2018-09-06T10:25:56.893Z"}
{"message":"Rates is up to date","result":[{"rates":{"EUR":1,"IDR":17334.51186056,"USD":1.162548315},"_id":"5b90f78337e839415236c16f","base":"EUR","createdAt":"2018-09-06T09:46:43.432Z","__v":0}],"level":"info","timestamp":"2018-09-06T10:28:39.773Z"}
{"message":"Rates is up to date","result":[{"rates":{"EUR":1,"IDR":17334.51186056,"USD":1.162548315},"_id":"5b90f78337e839415236c16f","base":"EUR","createdAt":"2018-09-06T09:46:43.432Z","__v":0}],"level":"info","timestamp":"2018-09-06T10:29:24.375Z"}
{"message":"Creating new transaction: Checking base","from":"10000000 IDR","to":"EUR","level":"info","timestamp":"2018-09-06T10:30:01.120Z"}
{"message":"Checking if recipient with the id of 5b90ed38c585633c896e0914 exists","level":"info","timestamp":"2018-09-06T10:30:01.127Z"}
{"message":"Saving new Transaction","transaction":{"fromCurrency":{"base":"IDR","amount":10000000},"toCurrency":{"base":"EUR","amount":572.2687826341554},"fee":{"base":"IDR","amount":112003.53558168},"createdAt":"2018-09-06T10:29:24.283Z","deadlineAt":"2018-09-07T10:29:24.283Z","failedAt":[],"status":"IS_PROCESSED","_id":"5b9101a92322cc47bf25e871","name":"Rizki minta uang lagi","recipient":"5b90ed38c585633c896e0914","combineWithFee":false,"user":"5b90eb04c2984b3a3eeccc92"},"level":"info","timestamp":"2018-09-06T10:30:01.134Z"}
{"message":"Successfully created new transaction","data":{"fromCurrency":{"base":"IDR","amount":10000000},"toCurrency":{"base":"EUR","amount":572.2687826341554},"fee":{"base":"IDR","amount":112003.53558168},"createdAt":"2018-09-06T10:29:24.283Z","deadlineAt":"2018-09-07T10:29:24.283Z","failedAt":[],"status":"IS_PROCESSED","_id":"5b9101a92322cc47bf25e871","name":"Rizki minta uang lagi","recipient":"5b90ed38c585633c896e0914","combineWithFee":false,"user":"5b90eb04c2984b3a3eeccc92","__v":0},"level":"info","timestamp":"2018-09-06T10:30:01.175Z"}
{"message":"Email sent","response":{"accepted":["vitriindria@gmail.com"],"rejected":[],"envelopeTime":354,"messageTime":1575,"messageSize":1197,"response":"250 2.0.0 OK 1536229807 60-v6sm6060835wre.82 - gsmtp","envelope":{"from":"confirm@vitriz.com","to":["vitriindria@gmail.com"]},"messageId":"<0550b98c-e3e1-809c-6561-ea3d732d3ee8@vitriz.com>"},"level":"info","timestamp":"2018-09-06T10:30:07.482Z"}
